Thu Dec  4 16:00:01 +08 2025: [bitcoin] Attempt 1/5
Thu Dec  4 16:00:01 +08 2025: SUCCESS → bitcoin | Current: $93356.49 | High: $94060.77 | Low: $91782.96
=========================================================================
Thu Dec  4 17:00:01 +08 2025: [bitcoin] Attempt 1/5
Thu Dec  4 17:00:01 +08 2025: SUCCESS → bitcoin | Current: $93209.29 | High: $94060.77 | Low: $91782.96
=========================================================================
Thu Dec  4 18:00:01 +08 2025: [bitcoin] Attempt 1/5
Thu Dec  4 18:00:01 +08 2025: SUCCESS → bitcoin | Current: $93487.88 | High: $94060.77 | Low: $91782.96
=========================================================================
Thu Dec  4 19:00:01 +08 2025: [bitcoin] Attempt 1/5
Thu Dec  4 19:00:02 +08 2025: SUCCESS → bitcoin | Current: $93258.65 | High: $94060.77 | Low: $91782.96
=========================================================================
Thu Dec  4 20:00:02 +08 2025: [bitcoin] Attempt 1/5
Thu Dec  4 20:00:02 +08 2025: SUCCESS → bitcoin | Current: $92977.89 | High: $94060.77 | Low: $91782.96
=========================================================================
Thu Dec  4 21:00:01 +08 2025: [bitcoin] Attempt 1/5
Thu Dec  4 21:00:01 +08 2025: SUCCESS → bitcoin | Current: $93084.53 | High: $94060.77 | Low: $91782.96
=========================================================================
Thu Dec  4 22:00:01 +08 2025: [bitcoin] Attempt 1/5
Thu Dec  4 22:00:01 +08 2025: SUCCESS → bitcoin | Current: $92599.94 | High: $94060.77 | Low: $91782.96
=========================================================================
Thu Dec  4 23:00:01 +08 2025: [bitcoin] Attempt 1/5
Thu Dec  4 23:00:01 +08 2025: SUCCESS → bitcoin | Current: $92048.28 | High: $94060.77 | Low: $91842.89
=========================================================================
Fri Dec  5 00:00:01 +08 2025: [bitcoin] Attempt 1/5
Fri Dec  5 00:00:01 +08 2025: SUCCESS → bitcoin | Current: $93009.16 | High: $94060.77 | Low: $91842.89
=========================================================================
Fri Dec  5 01:00:01 +08 2025: [bitcoin] Attempt 1/5
Fri Dec  5 01:00:01 +08 2025: SUCCESS → bitcoin | Current: $92308.23 | High: $94060.77 | Low: $91880.22
=========================================================================
Fri Dec  5 02:00:01 +08 2025: [bitcoin] Attempt 1/5
Fri Dec  5 02:00:01 +08 2025: SUCCESS → bitcoin | Current: $92404.20 | High: $94060.77 | Low: $91812.72
=========================================================================
Fri Dec  5 03:00:01 +08 2025: [bitcoin] Attempt 1/5
Fri Dec  5 03:00:01 +08 2025: SUCCESS → bitcoin | Current: $92053.69 | High: $94060.77 | Low: $91812.72
=========================================================================
Fri Dec  5 04:00:01 +08 2025: [bitcoin] Attempt 1/5
Fri Dec  5 04:00:01 +08 2025: SUCCESS → bitcoin | Current: $92031.20 | High: $94060.77 | Low: $90976.10
=========================================================================
Fri Dec  5 05:00:01 +08 2025: [bitcoin] Attempt 1/5
Fri Dec  5 05:00:01 +08 2025: SUCCESS → bitcoin | Current: $92477.39 | High: $94060.77 | Low: $90976.10
=========================================================================
Fri Dec  5 06:00:01 +08 2025: [bitcoin] Attempt 1/5
Fri Dec  5 06:00:01 +08 2025: SUCCESS → bitcoin | Current: $92212.76 | High: $94060.77 | Low: $90976.10
=========================================================================
Fri Dec  5 07:00:01 +08 2025: [bitcoin] Attempt 1/5
Fri Dec  5 07:00:02 +08 2025: SUCCESS → bitcoin | Current: $92460.97 | High: $94060.77 | Low: $90976.10
=========================================================================
Fri Dec  5 08:00:01 +08 2025: [bitcoin] Attempt 1/5
Fri Dec  5 08:00:02 +08 2025: SUCCESS → bitcoin | Current: $92154.24 | High: $94038.24 | Low: $90976.10
=========================================================================
Fri Dec  5 09:00:01 +08 2025: [bitcoin] Attempt 1/5
Fri Dec  5 09:00:02 +08 2025: SUCCESS → bitcoin | Current: $92307.29 | High: $94038.24 | Low: $90976.10
=========================================================================
Fri Dec  5 10:00:01 +08 2025: [bitcoin] Attempt 1/5
Fri Dec  5 10:00:02 +08 2025: SUCCESS → bitcoin | Current: $92382.77 | High: $94038.24 | Low: $90976.10
=========================================================================
Fri Dec  5 11:00:01 +08 2025: [bitcoin] Attempt 1/5
Fri Dec  5 11:00:02 +08 2025: SUCCESS → bitcoin | Current: $92558.38 | High: $94038.24 | Low: $90976.10
=========================================================================
Fri Dec  5 12:00:01 +08 2025: [bitcoin] Attempt 1/5
Fri Dec  5 12:00:02 +08 2025: SUCCESS → bitcoin | Current: $92343.96 | High: $93620.95 | Low: $90976.10
=========================================================================
Fri Dec  5 13:00:01 +08 2025: [bitcoin] Attempt 1/5
Fri Dec  5 13:00:02 +08 2025: SUCCESS → bitcoin | Current: $92082.33 | High: $93620.95 | Low: $90976.10
=========================================================================
Fri Dec  5 14:00:01 +08 2025: [bitcoin] Attempt 1/5
Fri Dec  5 14:00:02 +08 2025: SUCCESS → bitcoin | Current: $91930.98 | High: $93620.95 | Low: $90976.10
=========================================================================
Fri Dec  5 15:00:01 +08 2025: [bitcoin] Attempt 1/5
Fri Dec  5 15:00:02 +08 2025: SUCCESS → bitcoin | Current: $92246.24 | High: $93620.95 | Low: $90976.10
=========================================================================
Fri Dec  5 16:00:01 +08 2025: [bitcoin] Attempt 1/5
Fri Dec  5 16:00:02 +08 2025: SUCCESS → bitcoin | Current: $92256.77 | High: $93620.95 | Low: $90976.10
=========================================================================
Fri Dec  5 17:00:01 +08 2025: [bitcoin] Attempt 1/5
Fri Dec  5 17:00:02 +08 2025: SUCCESS → bitcoin | Current: $92085.37 | High: $93620.95 | Low: $90976.10
=========================================================================
Fri Dec  5 18:00:01 +08 2025: [bitcoin] Attempt 1/5
Fri Dec  5 18:00:02 +08 2025: SUCCESS → bitcoin | Current: $91068.24 | High: $93567.09 | Low: $90976.10
=========================================================================
Fri Dec  5 19:00:01 +08 2025: [bitcoin] Attempt 1/5
Fri Dec  5 19:00:04 +08 2025: SUCCESS → bitcoin | Current: $91419.04 | High: $93300.09 | Low: $90976.10
=========================================================================
Fri Dec  5 20:00:01 +08 2025: [bitcoin] Attempt 1/5
Fri Dec  5 20:00:02 +08 2025: SUCCESS → bitcoin | Current: $91392.83 | High: $93223.37 | Low: $90976.10
=========================================================================
Fri Dec  5 21:00:01 +08 2025: [bitcoin] Attempt 1/5
Fri Dec  5 21:00:02 +08 2025: SUCCESS → bitcoin | Current: $91239.79 | High: $93223.37 | Low: $90976.10
=========================================================================
Fri Dec  5 22:00:01 +08 2025: [bitcoin] Attempt 1/5
Fri Dec  5 22:00:02 +08 2025: SUCCESS → bitcoin | Current: $90693.13 | High: $93223.37 | Low: $90332.37
=========================================================================
Fri Dec  5 23:00:02 +08 2025: [bitcoin] Attempt 1/5
Fri Dec  5 23:00:02 +08 2025: SUCCESS → bitcoin | Current: $90303.23 | High: $93223.37 | Low: $90004.33
=========================================================================
Sat Dec  6 00:00:01 +08 2025: [bitcoin] Attempt 1/5
Sat Dec  6 00:00:02 +08 2025: SUCCESS → bitcoin | Current: $90588.07 | High: $93175.36 | Low: $90004.33
=========================================================================
Sat Dec  6 01:00:01 +08 2025: [bitcoin] Attempt 1/5
Sat Dec  6 01:00:02 +08 2025: SUCCESS → bitcoin | Current: $88744.90 | High: $92707.20 | Low: $88152.14
=========================================================================
Sat Dec  6 02:00:01 +08 2025: [bitcoin] Attempt 1/5
Sat Dec  6 02:00:02 +08 2025: SUCCESS → bitcoin | Current: $89383.67 | High: $92707.20 | Low: $88152.14
=========================================================================
Sat Dec  6 03:00:01 +08 2025: [bitcoin] Attempt 1/5
Sat Dec  6 03:00:02 +08 2025: SUCCESS → bitcoin | Current: $89087.88 | High: $92707.20 | Low: $88152.14
=========================================================================
Sat Dec  6 04:00:01 +08 2025: [bitcoin] Attempt 1/5
Sat Dec  6 04:00:01 +08 2025: SUCCESS → bitcoin | Current: $89587.12 | High: $92707.20 | Low: $88152.14
=========================================================================
Sat Dec  6 05:00:01 +08 2025: [bitcoin] Attempt 1/5
Sat Dec  6 05:00:02 +08 2025: SUCCESS → bitcoin | Current: $89336.26 | High: $92707.20 | Low: $88152.14
=========================================================================
Sat Dec  6 06:00:02 +08 2025: [bitcoin] Attempt 1/5
Sat Dec  6 06:00:02 +08 2025: SUCCESS → bitcoin | Current: $89206.96 | High: $92702.64 | Low: $88152.14
=========================================================================
Sat Dec  6 07:00:01 +08 2025: [bitcoin] Attempt 1/5
Sat Dec  6 07:00:02 +08 2025: SUCCESS → bitcoin | Current: $89319.44 | High: $92702.64 | Low: $88152.14
=========================================================================
Sat Dec  6 08:00:02 +08 2025: [bitcoin] Attempt 1/5
Sat Dec  6 08:00:02 +08 2025: SUCCESS → bitcoin | Current: $89384.48 | High: $92702.64 | Low: $88152.14
=========================================================================
Sat Dec  6 09:00:01 +08 2025: [bitcoin] Attempt 1/5
Sat Dec  6 09:00:02 +08 2025: SUCCESS → bitcoin | Current: $89427.16 | High: $92702.64 | Low: $88152.14
=========================================================================
Sat Dec  6 10:00:02 +08 2025: [bitcoin] Attempt 1/5
Sat Dec  6 10:00:02 +08 2025: SUCCESS → bitcoin | Current: $89342.25 | High: $92702.64 | Low: $88152.14
=========================================================================
Sat Dec  6 11:00:02 +08 2025: [bitcoin] Attempt 1/5
Sat Dec  6 11:00:02 +08 2025: SUCCESS → bitcoin | Current: $89338.73 | High: $92668.18 | Low: $88152.14
=========================================================================
Sat Dec  6 12:00:01 +08 2025: [bitcoin] Attempt 1/5
Sat Dec  6 12:00:02 +08 2025: SUCCESS → bitcoin | Current: $89735.70 | High: $92498.17 | Low: $88152.14
=========================================================================
Sat Dec  6 13:00:02 +08 2025: [bitcoin] Attempt 1/5
Sat Dec  6 13:00:02 +08 2025: SUCCESS → bitcoin | Current: $89673.91 | High: $92498.17 | Low: $88152.14
=========================================================================
Sat Dec  6 14:00:01 +08 2025: [bitcoin] Attempt 1/5
Sat Dec  6 14:00:02 +08 2025: SUCCESS → bitcoin | Current: $89634.77 | High: $92498.17 | Low: $88152.14
=========================================================================
Sat Dec  6 15:00:01 +08 2025: [bitcoin] Attempt 1/5
Sat Dec  6 15:00:03 +08 2025: SUCCESS → bitcoin | Current: $89695.67 | High: $92498.17 | Low: $88152.14
=========================================================================
Sat Dec  6 16:00:01 +08 2025: [bitcoin] Attempt 1/5
Sat Dec  6 16:00:01 +08 2025: SUCCESS → bitcoin | Current: $89646.02 | High: $92264.86 | Low: $88152.14
=========================================================================
Sat Dec  6 17:00:01 +08 2025: [bitcoin] Attempt 1/5
Sat Dec  6 17:00:02 +08 2025: SUCCESS → bitcoin | Current: $89336.37 | High: $92141.86 | Low: $88152.14
=========================================================================
Sat Dec  6 18:00:01 +08 2025: [bitcoin] Attempt 1/5
Sat Dec  6 18:00:02 +08 2025: SUCCESS → bitcoin | Current: $89654.95 | High: $91553.78 | Low: $88152.14
=========================================================================
Sat Dec  6 19:00:01 +08 2025: [bitcoin] Attempt 1/5
Sat Dec  6 19:00:02 +08 2025: SUCCESS → bitcoin | Current: $89541.42 | High: $91553.78 | Low: $88152.14
=========================================================================
Sat Dec  6 20:00:01 +08 2025: [bitcoin] Attempt 1/5
Sat Dec  6 20:00:02 +08 2025: SUCCESS → bitcoin | Current: $89675.31 | High: $91422.67 | Low: $88152.14
=========================================================================
Sat Dec  6 21:00:01 +08 2025: [bitcoin] Attempt 1/5
Sat Dec  6 21:00:02 +08 2025: SUCCESS → bitcoin | Current: $89610.25 | High: $91402.49 | Low: $88152.14
=========================================================================
Sat Dec  6 22:00:01 +08 2025: [bitcoin] Attempt 1/5
Sat Dec  6 22:00:02 +08 2025: SUCCESS → bitcoin | Current: $89703.52 | High: $91402.49 | Low: $88152.14
=========================================================================
Sat Dec  6 23:00:01 +08 2025: [bitcoin] Attempt 1/5
Sat Dec  6 23:00:02 +08 2025: SUCCESS → bitcoin | Current: $90097.55 | High: $91402.49 | Low: $88152.14
=========================================================================
Sun Dec  7 00:00:01 +08 2025: [bitcoin] Attempt 1/5
Sun Dec  7 00:00:02 +08 2025: SUCCESS → bitcoin | Current: $89873.95 | High: $90489.16 | Low: $88152.14
=========================================================================
Sun Dec  7 01:00:01 +08 2025: [bitcoin] Attempt 1/5
Sun Dec  7 01:00:02 +08 2025: SUCCESS → bitcoin | Current: $89721.31 | High: $90267.46 | Low: $88675.54
=========================================================================
Sun Dec  7 02:00:01 +08 2025: [bitcoin] Attempt 1/5
Sun Dec  7 02:00:02 +08 2025: SUCCESS → bitcoin | Current: $89687.95 | High: $90267.46 | Low: $88892.01
=========================================================================
Sun Dec  7 03:00:01 +08 2025: [bitcoin] Attempt 1/5
Sun Dec  7 03:00:02 +08 2025: SUCCESS → bitcoin | Current: $89609.92 | High: $90267.46 | Low: $88892.01
=========================================================================
Sun Dec  7 04:00:02 +08 2025: [bitcoin] Attempt 1/5
Sun Dec  7 04:00:02 +08 2025: SUCCESS → bitcoin | Current: $89450.85 | High: $90267.46 | Low: $88942.10
=========================================================================
Sun Dec  7 05:00:01 +08 2025: [bitcoin] Attempt 1/5
Sun Dec  7 05:00:02 +08 2025: SUCCESS → bitcoin | Current: $89558.07 | High: $90267.46 | Low: $88942.10
=========================================================================
Sun Dec  7 06:00:01 +08 2025: [bitcoin] Attempt 1/5
Sun Dec  7 06:00:02 +08 2025: SUCCESS → bitcoin | Current: $89470.20 | High: $90267.46 | Low: $88942.10
=========================================================================
Sun Dec  7 07:00:01 +08 2025: [bitcoin] Attempt 1/5
Sun Dec  7 07:00:01 +08 2025: SUCCESS → bitcoin | Current: $89319.13 | High: $90267.46 | Low: $88971.82
=========================================================================
Sun Dec  7 08:00:01 +08 2025: [bitcoin] Attempt 1/5
Sun Dec  7 08:00:02 +08 2025: SUCCESS → bitcoin | Current: $89273.48 | High: $90267.46 | Low: $88951.67
=========================================================================
Sun Dec  7 09:00:01 +08 2025: [bitcoin] Attempt 1/5
Sun Dec  7 09:00:02 +08 2025: SUCCESS → bitcoin | Current: $89498.67 | High: $90267.46 | Low: $88951.67
=========================================================================
Sun Dec  7 10:00:01 +08 2025: [bitcoin] Attempt 1/5
Sun Dec  7 10:00:02 +08 2025: SUCCESS → bitcoin | Current: $89392.19 | High: $90267.46 | Low: $88951.67
=========================================================================
Sun Dec  7 11:00:02 +08 2025: [bitcoin] Attempt 1/5
Sun Dec  7 11:00:02 +08 2025: SUCCESS → bitcoin | Current: $89616.52 | High: $90267.46 | Low: $88951.67
=========================================================================
Sun Dec  7 12:00:01 +08 2025: [bitcoin] Attempt 1/5
Sun Dec  7 12:00:01 +08 2025: SUCCESS → bitcoin | Current: $89730.96 | High: $90267.46 | Low: $88951.67
=========================================================================
Sun Dec  7 13:00:01 +08 2025: [bitcoin] Attempt 1/5
Sun Dec  7 13:00:02 +08 2025: SUCCESS → bitcoin | Current: $89560.95 | High: $90267.46 | Low: $88951.67
=========================================================================
Sun Dec  7 14:00:01 +08 2025: [bitcoin] Attempt 1/5
Sun Dec  7 14:00:02 +08 2025: SUCCESS → bitcoin | Current: $89536.89 | High: $90267.46 | Low: $88951.67
=========================================================================
Sun Dec  7 15:00:01 +08 2025: [bitcoin] Attempt 1/5
Sun Dec  7 15:00:02 +08 2025: SUCCESS → bitcoin | Current: $89667.89 | High: $90267.46 | Low: $88951.67
=========================================================================
Sun Dec  7 16:00:02 +08 2025: [bitcoin] Attempt 1/5
Sun Dec  7 16:00:02 +08 2025: SUCCESS → bitcoin | Current: $89378.99 | High: $90267.46 | Low: $88951.67
=========================================================================
Sun Dec  7 17:00:01 +08 2025: [bitcoin] Attempt 1/5
Sun Dec  7 17:00:02 +08 2025: SUCCESS → bitcoin | Current: $89344.66 | High: $90267.46 | Low: $88951.67
=========================================================================
Sun Dec  7 18:00:01 +08 2025: [bitcoin] Attempt 1/5
Sun Dec  7 18:00:02 +08 2025: SUCCESS → bitcoin | Current: $89098.27 | High: $90267.46 | Low: $88951.67
=========================================================================
Sun Dec  7 19:00:02 +08 2025: [bitcoin] Attempt 1/5
Sun Dec  7 19:00:02 +08 2025: SUCCESS → bitcoin | Current: $89341.95 | High: $90267.46 | Low: $88951.67
=========================================================================
Sun Dec  7 20:00:01 +08 2025: [bitcoin] Attempt 1/5
Sun Dec  7 20:00:01 +08 2025: SUCCESS → bitcoin | Current: $89195.69 | High: $90267.46 | Low: $88951.67
=========================================================================
Sun Dec  7 21:00:01 +08 2025: [bitcoin] Attempt 1/5
Sun Dec  7 21:00:02 +08 2025: SUCCESS → bitcoin | Current: $89488.99 | High: $90267.46 | Low: $88951.67
=========================================================================
Sun Dec  7 22:00:02 +08 2025: [bitcoin] Attempt 1/5
Sun Dec  7 22:00:05 +08 2025: SUCCESS → bitcoin | Current: $89088.90 | High: $90267.46 | Low: $88848.04
=========================================================================
Sun Dec  7 23:00:02 +08 2025: [bitcoin] Attempt 1/5
Sun Dec  7 23:00:02 +08 2025: SUCCESS → bitcoin | Current: $88155.06 | High: $90058.47 | Low: $87799.56
=========================================================================
Mon Dec  8 00:00:01 +08 2025: [bitcoin] Attempt 1/5
Mon Dec  8 00:00:01 +08 2025: SUCCESS → bitcoin | Current: $89216.36 | High: $89999.84 | Low: $87799.56
=========================================================================
Mon Dec  8 01:00:01 +08 2025: [bitcoin] Attempt 1/5
Mon Dec  8 01:00:01 +08 2025: SUCCESS → bitcoin | Current: $89481.22 | High: $89823.14 | Low: $87799.56
=========================================================================
Mon Dec  8 02:00:01 +08 2025: [bitcoin] Attempt 1/5
Mon Dec  8 02:00:01 +08 2025: SUCCESS → bitcoin | Current: $90895.28 | High: $91226.72 | Low: $87799.56
=========================================================================
Mon Dec  8 03:00:01 +08 2025: [bitcoin] Attempt 1/5
Mon Dec  8 03:00:02 +08 2025: SUCCESS → bitcoin | Current: $91399.40 | High: $91740.85 | Low: $87799.56
=========================================================================
Mon Dec  8 04:00:01 +08 2025: [bitcoin] Attempt 1/5
Mon Dec  8 04:00:01 +08 2025: SUCCESS → bitcoin | Current: $91352.22 | High: $91740.85 | Low: $87799.56
=========================================================================
Mon Dec  8 05:00:01 +08 2025: [bitcoin] Attempt 1/5
Mon Dec  8 05:00:02 +08 2025: SUCCESS → bitcoin | Current: $91446.77 | High: $91740.85 | Low: $87799.56
=========================================================================
Mon Dec  8 06:00:01 +08 2025: [bitcoin] Attempt 1/5
Mon Dec  8 06:00:01 +08 2025: SUCCESS → bitcoin | Current: $90096.38 | High: $91740.85 | Low: $87799.56
=========================================================================
Mon Dec  8 07:00:01 +08 2025: [bitcoin] Attempt 1/5
Mon Dec  8 07:00:01 +08 2025: SUCCESS → bitcoin | Current: $89599.80 | High: $91740.85 | Low: $87799.56
=========================================================================
Mon Dec  8 08:00:01 +08 2025: [bitcoin] Attempt 1/5
Mon Dec  8 08:00:02 +08 2025: SUCCESS → bitcoin | Current: $90338.87 | High: $91740.85 | Low: $87799.56
=========================================================================
Mon Dec  8 09:00:02 +08 2025: [bitcoin] Attempt 1/5
Mon Dec  8 09:00:02 +08 2025: SUCCESS → bitcoin | Current: $90409.04 | High: $91740.85 | Low: $87799.56
=========================================================================
Mon Dec  8 10:00:01 +08 2025: [bitcoin] Attempt 1/5
Mon Dec  8 10:00:02 +08 2025: SUCCESS → bitcoin | Current: $91115.89 | High: $91740.85 | Low: $87799.56
=========================================================================
Mon Dec  8 11:00:01 +08 2025: [bitcoin] Attempt 1/5
Mon Dec  8 11:00:01 +08 2025: SUCCESS → bitcoin | Current: $91440.14 | High: $91740.85 | Low: $87799.56
=========================================================================
Mon Dec  8 12:00:01 +08 2025: [bitcoin] Attempt 1/5
Mon Dec  8 12:00:01 +08 2025: SUCCESS → bitcoin | Current: $91083.03 | High: $91740.85 | Low: $87799.56
=========================================================================
Mon Dec  8 13:00:01 +08 2025: [bitcoin] Attempt 1/5
Mon Dec  8 13:00:02 +08 2025: SUCCESS → bitcoin | Current: $91237.95 | High: $91740.85 | Low: $87799.56
=========================================================================
Mon Dec  8 14:00:01 +08 2025: [bitcoin] Attempt 1/5
Mon Dec  8 14:00:02 +08 2025: SUCCESS → bitcoin | Current: $91331.36 | High: $91740.85 | Low: $87799.56
=========================================================================
Mon Dec  8 15:00:01 +08 2025: [bitcoin] Attempt 1/5
Mon Dec  8 15:00:02 +08 2025: SUCCESS → bitcoin | Current: $91611.21 | High: $91740.85 | Low: $87799.56
=========================================================================
Mon Dec  8 16:00:01 +08 2025: [bitcoin] Attempt 1/5
Mon Dec  8 16:00:01 +08 2025: SUCCESS → bitcoin | Current: $91539.63 | High: $91815.85 | Low: $87799.56
=========================================================================
Mon Dec  8 17:00:01 +08 2025: [bitcoin] Attempt 1/5
Mon Dec  8 17:00:02 +08 2025: SUCCESS → bitcoin | Current: $91883.05 | High: $91870.84 | Low: $87799.56
=========================================================================
Mon Dec  8 18:00:00 +08 2025: [bitcoin] Attempt 1/5
Mon Dec  8 18:00:01 +08 2025: SUCCESS → bitcoin | Current: $91952.17 | High: $92267.11 | Low: $87799.56
=========================================================================
Mon Dec  8 19:00:02 +08 2025: [bitcoin] Attempt 1/5
Mon Dec  8 19:00:02 +08 2025: SUCCESS → bitcoin | Current: $92157.23 | High: $92267.11 | Low: $87799.56
=========================================================================
Mon Dec  8 20:00:02 +08 2025: [bitcoin] Attempt 1/5
Mon Dec  8 20:00:02 +08 2025: SUCCESS → bitcoin | Current: $91988.93 | High: $92267.11 | Low: $87799.56
=========================================================================
Mon Dec  8 21:00:00 +08 2025: [bitcoin] Attempt 1/5
Mon Dec  8 21:00:01 +08 2025: SUCCESS → bitcoin | Current: $91783.85 | High: $92267.11 | Low: $87799.56
=========================================================================
Mon Dec  8 22:00:01 +08 2025: [bitcoin] Attempt 1/5
Mon Dec  8 22:00:02 +08 2025: SUCCESS → bitcoin | Current: $91548.67 | High: $92267.11 | Low: $87799.56
=========================================================================
Mon Dec  8 23:00:01 +08 2025: [bitcoin] Attempt 1/5
Mon Dec  8 23:00:02 +08 2025: SUCCESS → bitcoin | Current: $91271.28 | High: $92267.11 | Low: $88206.35
=========================================================================
Tue Dec  9 00:00:02 +08 2025: [bitcoin] Attempt 1/5
Tue Dec  9 00:00:02 +08 2025: SUCCESS → bitcoin | Current: $90180.36 | High: $92267.11 | Low: $89068.19
=========================================================================
Tue Dec  9 01:00:01 +08 2025: [bitcoin] Attempt 1/5
Tue Dec  9 01:00:02 +08 2025: SUCCESS → bitcoin | Current: $89892.99 | High: $92267.11 | Low: $89068.19
=========================================================================
Tue Dec  9 02:00:01 +08 2025: [bitcoin] Attempt 1/5
Tue Dec  9 02:00:01 +08 2025: SUCCESS → bitcoin | Current: $90040.94 | High: $92267.11 | Low: $89068.19
=========================================================================
Tue Dec  9 03:00:01 +08 2025: [bitcoin] Attempt 1/5
Tue Dec  9 03:00:02 +08 2025: SUCCESS → bitcoin | Current: $90049.32 | High: $92267.11 | Low: $89068.19
=========================================================================
Tue Dec  9 04:00:01 +08 2025: [bitcoin] Attempt 1/5
Tue Dec  9 04:00:01 +08 2025: SUCCESS → bitcoin | Current: $90250.44 | High: $92267.11 | Low: $89068.19
=========================================================================
Tue Dec  9 05:00:01 +08 2025: [bitcoin] Attempt 1/5
Tue Dec  9 05:00:01 +08 2025: SUCCESS → bitcoin | Current: $90840.11 | High: $92267.11 | Low: $89068.19
=========================================================================
Tue Dec  9 06:00:01 +08 2025: [bitcoin] Attempt 1/5
Tue Dec  9 06:00:01 +08 2025: SUCCESS → bitcoin | Current: $91304.51 | High: $92267.11 | Low: $89068.19
=========================================================================
Tue Dec  9 07:00:01 +08 2025: [bitcoin] Attempt 1/5
Tue Dec  9 07:00:01 +08 2025: SUCCESS → bitcoin | Current: $90825.29 | High: $92267.11 | Low: $89575.11
=========================================================================
Tue Dec  9 08:00:01 +08 2025: [bitcoin] Attempt 1/5
Tue Dec  9 08:00:02 +08 2025: SUCCESS → bitcoin | Current: $90606.36 | High: $92267.11 | Low: $89644.89
=========================================================================
Tue Dec  9 09:00:01 +08 2025: [bitcoin] Attempt 1/5
Tue Dec  9 09:00:02 +08 2025: SUCCESS → bitcoin | Current: $90420.70 | High: $92267.11 | Low: $89644.89
=========================================================================
Tue Dec  9 10:00:01 +08 2025: [bitcoin] Attempt 1/5
Tue Dec  9 10:00:02 +08 2025: SUCCESS → bitcoin | Current: $90099.65 | High: $92267.11 | Low: $89644.89
=========================================================================
Tue Dec  9 11:00:01 +08 2025: [bitcoin] Attempt 1/5
Tue Dec  9 11:00:01 +08 2025: SUCCESS → bitcoin | Current: $90157.33 | High: $92267.11 | Low: $89644.89
=========================================================================
Tue Dec  9 12:00:00 +08 2025: [bitcoin] Attempt 1/5
Tue Dec  9 12:00:00 +08 2025: SUCCESS → bitcoin | Current: $90357.02 | High: $92267.11 | Low: $89644.89
=========================================================================
Tue Dec  9 13:00:00 +08 2025: [bitcoin] Attempt 1/5
Tue Dec  9 13:00:01 +08 2025: SUCCESS → bitcoin | Current: $89907.20 | High: $92267.11 | Low: $89644.89
=========================================================================
Tue Dec  9 14:00:00 +08 2025: [bitcoin] Attempt 1/5
Tue Dec  9 14:00:00 +08 2025: SUCCESS → bitcoin | Current: $89952.54 | High: $92267.11 | Low: $89586.98
=========================================================================
Tue Dec  9 15:00:00 +08 2025: [bitcoin] Attempt 1/5
Tue Dec  9 15:00:01 +08 2025: SUCCESS → bitcoin | Current: $90140.07 | High: $92267.11 | Low: $89586.98
=========================================================================
Tue Dec  9 16:00:00 +08 2025: [bitcoin] Attempt 1/5
Tue Dec  9 16:00:00 +08 2025: SUCCESS → bitcoin | Current: $90511.69 | High: $92267.11 | Low: $89586.98
=========================================================================
Tue Dec  9 17:00:00 +08 2025: [bitcoin] Attempt 1/5
Tue Dec  9 17:00:00 +08 2025: SUCCESS → bitcoin | Current: $90557.78 | High: $92267.11 | Low: $89586.98
=========================================================================
Tue Dec  9 18:00:00 +08 2025: [bitcoin] Attempt 1/5
Tue Dec  9 18:00:00 +08 2025: SUCCESS → bitcoin | Current: $90188.25 | High: $92220.86 | Low: $89586.98
=========================================================================
Tue Dec  9 19:00:00 +08 2025: [bitcoin] Attempt 1/5
Tue Dec  9 19:00:01 +08 2025: SUCCESS → bitcoin | Current: $90197.80 | High: $92220.86 | Low: $89586.98
=========================================================================
Tue Dec  9 20:00:01 +08 2025: [bitcoin] Attempt 1/5
Tue Dec  9 20:00:01 +08 2025: SUCCESS → bitcoin | Current: $90342.95 | High: $92099.35 | Low: $89586.98
=========================================================================
Tue Dec  9 21:00:01 +08 2025: [bitcoin] Attempt 1/5
Tue Dec  9 21:00:02 +08 2025: SUCCESS → bitcoin | Current: $90645.50 | High: $92099.35 | Low: $89586.98
=========================================================================
Tue Dec  9 22:00:01 +08 2025: [bitcoin] Attempt 1/5
Tue Dec  9 22:00:03 +08 2025: SUCCESS → bitcoin | Current: $90340.35 | High: $91693.36 | Low: $89586.98
=========================================================================
Tue Dec  9 23:00:00 +08 2025: [bitcoin] Attempt 1/5
Tue Dec  9 23:00:01 +08 2025: SUCCESS → bitcoin | Current: $90250.50 | High: $91381.70 | Low: $89586.98
=========================================================================
