Thu Dec  4 16:00:01 +08 2025: [ethereum] Attempt 1/5
Thu Dec  4 16:00:02 +08 2025: SUCCESS → ethereum | Current: $3192.84 | High: $3238.56 | Low: $3034.76
=========================================================================
Thu Dec  4 17:00:01 +08 2025: [ethereum] Attempt 1/5
Thu Dec  4 17:00:02 +08 2025: SUCCESS → ethereum | Current: $3181.75 | High: $3238.56 | Low: $3034.76
=========================================================================
Thu Dec  4 18:00:01 +08 2025: [ethereum] Attempt 1/5
Thu Dec  4 18:00:02 +08 2025: SUCCESS → ethereum | Current: $3205.44 | High: $3238.56 | Low: $3034.76
=========================================================================
Thu Dec  4 19:00:02 +08 2025: [ethereum] Attempt 1/5
Thu Dec  4 19:00:03 +08 2025: SUCCESS → ethereum | Current: $3188.37 | High: $3238.56 | Low: $3034.76
=========================================================================
Thu Dec  4 20:00:02 +08 2025: [ethereum] Attempt 1/5
Thu Dec  4 20:00:03 +08 2025: SUCCESS → ethereum | Current: $3187.49 | High: $3238.56 | Low: $3034.76
=========================================================================
Thu Dec  4 21:00:01 +08 2025: [ethereum] Attempt 1/5
Thu Dec  4 21:00:02 +08 2025: SUCCESS → ethereum | Current: $3179.51 | High: $3238.56 | Low: $3034.76
=========================================================================
Thu Dec  4 22:00:01 +08 2025: [ethereum] Attempt 1/5
Thu Dec  4 22:00:02 +08 2025: SUCCESS → ethereum | Current: $3173.76 | High: $3238.56 | Low: $3034.76
=========================================================================
Thu Dec  4 23:00:01 +08 2025: [ethereum] Attempt 1/5
Thu Dec  4 23:00:02 +08 2025: SUCCESS → ethereum | Current: $3153.65 | High: $3238.56 | Low: $3059.98
=========================================================================
Fri Dec  5 00:00:01 +08 2025: [ethereum] Attempt 1/5
Fri Dec  5 00:00:02 +08 2025: SUCCESS → ethereum | Current: $3213.58 | High: $3238.56 | Low: $3066.84
=========================================================================
Fri Dec  5 01:00:01 +08 2025: [ethereum] Attempt 1/5
Fri Dec  5 01:00:02 +08 2025: SUCCESS → ethereum | Current: $3165.37 | High: $3238.56 | Low: $3087.04
=========================================================================
Fri Dec  5 02:00:01 +08 2025: [ethereum] Attempt 1/5
Fri Dec  5 02:00:02 +08 2025: SUCCESS → ethereum | Current: $3159.80 | High: $3238.56 | Low: $3106.25
=========================================================================
Fri Dec  5 03:00:01 +08 2025: [ethereum] Attempt 1/5
Fri Dec  5 03:00:02 +08 2025: SUCCESS → ethereum | Current: $3137.22 | High: $3238.56 | Low: $3106.25
=========================================================================
Fri Dec  5 04:00:01 +08 2025: [ethereum] Attempt 1/5
Fri Dec  5 04:00:02 +08 2025: SUCCESS → ethereum | Current: $3123.54 | High: $3238.56 | Low: $3071.31
=========================================================================
Fri Dec  5 05:00:01 +08 2025: [ethereum] Attempt 1/5
Fri Dec  5 05:00:02 +08 2025: SUCCESS → ethereum | Current: $3140.38 | High: $3238.56 | Low: $3071.31
=========================================================================
Fri Dec  5 06:00:01 +08 2025: [ethereum] Attempt 1/5
Fri Dec  5 06:00:02 +08 2025: SUCCESS → ethereum | Current: $3126.56 | High: $3238.56 | Low: $3071.31
=========================================================================
Fri Dec  5 07:00:02 +08 2025: [ethereum] Attempt 1/5
Fri Dec  5 07:00:02 +08 2025: SUCCESS → ethereum | Current: $3145.67 | High: $3238.56 | Low: $3071.31
=========================================================================
Fri Dec  5 08:00:02 +08 2025: [ethereum] Attempt 1/5
Fri Dec  5 08:00:02 +08 2025: SUCCESS → ethereum | Current: $3134.33 | High: $3238.56 | Low: $3071.31
=========================================================================
Fri Dec  5 09:00:02 +08 2025: [ethereum] Attempt 1/5
Fri Dec  5 09:00:02 +08 2025: SUCCESS → ethereum | Current: $3148.64 | High: $3238.56 | Low: $3071.31
=========================================================================
Fri Dec  5 10:00:02 +08 2025: [ethereum] Attempt 1/5
Fri Dec  5 10:00:02 +08 2025: SUCCESS → ethereum | Current: $3165.99 | High: $3227.53 | Low: $3071.31
=========================================================================
Fri Dec  5 11:00:02 +08 2025: [ethereum] Attempt 1/5
Fri Dec  5 11:00:02 +08 2025: SUCCESS → ethereum | Current: $3184.95 | High: $3227.53 | Low: $3071.31
=========================================================================
Fri Dec  5 12:00:02 +08 2025: [ethereum] Attempt 1/5
Fri Dec  5 12:00:02 +08 2025: SUCCESS → ethereum | Current: $3172.36 | High: $3223.17 | Low: $3071.31
=========================================================================
Fri Dec  5 13:00:02 +08 2025: [ethereum] Attempt 1/5
Fri Dec  5 13:00:02 +08 2025: SUCCESS → ethereum | Current: $3171.25 | High: $3223.17 | Low: $3071.31
=========================================================================
Fri Dec  5 14:00:02 +08 2025: [ethereum] Attempt 1/5
Fri Dec  5 14:00:02 +08 2025: SUCCESS → ethereum | Current: $3154.55 | High: $3223.17 | Low: $3071.31
=========================================================================
Fri Dec  5 15:00:02 +08 2025: [ethereum] Attempt 1/5
Fri Dec  5 15:00:02 +08 2025: SUCCESS → ethereum | Current: $3167.77 | High: $3223.17 | Low: $3071.31
=========================================================================
Fri Dec  5 16:00:02 +08 2025: [ethereum] Attempt 1/5
Fri Dec  5 16:00:02 +08 2025: SUCCESS → ethereum | Current: $3174.37 | High: $3223.17 | Low: $3071.31
=========================================================================
Fri Dec  5 17:00:02 +08 2025: [ethereum] Attempt 1/5
Fri Dec  5 17:00:02 +08 2025: SUCCESS → ethereum | Current: $3156.74 | High: $3223.17 | Low: $3071.31
=========================================================================
Fri Dec  5 18:00:02 +08 2025: [ethereum] Attempt 1/5
Fri Dec  5 18:00:03 +08 2025: SUCCESS → ethereum | Current: $3117.21 | High: $3223.17 | Low: $3071.31
=========================================================================
Fri Dec  5 19:00:04 +08 2025: [ethereum] Attempt 1/5
Fri Dec  5 19:00:05 +08 2025: SUCCESS → ethereum | Current: $3141.49 | High: $3223.17 | Low: $3071.31
=========================================================================
Fri Dec  5 20:00:02 +08 2025: [ethereum] Attempt 1/5
Fri Dec  5 20:00:02 +08 2025: SUCCESS → ethereum | Current: $3135.10 | High: $3223.17 | Low: $3071.31
=========================================================================
Fri Dec  5 21:00:02 +08 2025: [ethereum] Attempt 1/5
Fri Dec  5 21:00:02 +08 2025: SUCCESS → ethereum | Current: $3130.15 | High: $3223.17 | Low: $3071.31
=========================================================================
Fri Dec  5 22:00:02 +08 2025: [ethereum] Attempt 1/5
Fri Dec  5 22:00:02 +08 2025: SUCCESS → ethereum | Current: $3107.40 | High: $3223.17 | Low: $3071.31
=========================================================================
Fri Dec  5 23:00:02 +08 2025: [ethereum] Attempt 1/5
Fri Dec  5 23:00:03 +08 2025: SUCCESS → ethereum | Current: $3103.63 | High: $3223.17 | Low: $3071.31
=========================================================================
Sat Dec  6 00:00:02 +08 2025: [ethereum] Attempt 1/5
Sat Dec  6 00:00:03 +08 2025: SUCCESS → ethereum | Current: $3109.78 | High: $3223.17 | Low: $3071.31
=========================================================================
Sat Dec  6 01:00:02 +08 2025: [ethereum] Attempt 1/5
Sat Dec  6 01:00:02 +08 2025: SUCCESS → ethereum | Current: $3023.22 | High: $3192.46 | Low: $3004.74
=========================================================================
Sat Dec  6 02:00:02 +08 2025: [ethereum] Attempt 1/5
Sat Dec  6 02:00:02 +08 2025: SUCCESS → ethereum | Current: $3032.50 | High: $3192.46 | Low: $3004.74
=========================================================================
Sat Dec  6 03:00:02 +08 2025: [ethereum] Attempt 1/5
Sat Dec  6 03:00:02 +08 2025: SUCCESS → ethereum | Current: $3011.45 | High: $3192.46 | Low: $3004.74
=========================================================================
Sat Dec  6 04:00:01 +08 2025: [ethereum] Attempt 1/5
Sat Dec  6 04:00:02 +08 2025: SUCCESS → ethereum | Current: $3036.31 | High: $3192.46 | Low: $2989.83
=========================================================================
Sat Dec  6 05:00:02 +08 2025: [ethereum] Attempt 1/5
Sat Dec  6 05:00:02 +08 2025: SUCCESS → ethereum | Current: $3023.47 | High: $3192.46 | Low: $2989.83
=========================================================================
Sat Dec  6 06:00:02 +08 2025: [ethereum] Attempt 1/5
Sat Dec  6 06:00:03 +08 2025: SUCCESS → ethereum | Current: $3020.68 | High: $3192.46 | Low: $2989.83
=========================================================================
Sat Dec  6 07:00:02 +08 2025: [ethereum] Attempt 1/5
Sat Dec  6 07:00:02 +08 2025: SUCCESS → ethereum | Current: $3030.29 | High: $3192.46 | Low: $2989.83
=========================================================================
Sat Dec  6 08:00:02 +08 2025: [ethereum] Attempt 1/5
Sat Dec  6 08:00:03 +08 2025: SUCCESS → ethereum | Current: $3023.79 | High: $3192.46 | Low: $2989.83
=========================================================================
Sat Dec  6 09:00:02 +08 2025: [ethereum] Attempt 1/5
Sat Dec  6 09:00:02 +08 2025: SUCCESS → ethereum | Current: $3026.01 | High: $3192.46 | Low: $2989.83
=========================================================================
Sat Dec  6 10:00:03 +08 2025: [ethereum] Attempt 1/5
Sat Dec  6 10:00:03 +08 2025: SUCCESS → ethereum | Current: $3027.07 | High: $3192.46 | Low: $2989.83
=========================================================================
Sat Dec  6 11:00:02 +08 2025: [ethereum] Attempt 1/5
Sat Dec  6 11:00:03 +08 2025: SUCCESS → ethereum | Current: $3029.52 | High: $3192.46 | Low: $2989.83
=========================================================================
Sat Dec  6 12:00:02 +08 2025: [ethereum] Attempt 1/5
Sat Dec  6 12:00:02 +08 2025: SUCCESS → ethereum | Current: $3038.94 | High: $3182.35 | Low: $2989.83
=========================================================================
Sat Dec  6 13:00:02 +08 2025: [ethereum] Attempt 1/5
Sat Dec  6 13:00:03 +08 2025: SUCCESS → ethereum | Current: $3036.29 | High: $3182.35 | Low: $2989.83
=========================================================================
Sat Dec  6 14:00:02 +08 2025: [ethereum] Attempt 1/5
Sat Dec  6 14:00:03 +08 2025: SUCCESS → ethereum | Current: $3040.40 | High: $3182.35 | Low: $2989.83
=========================================================================
Sat Dec  6 15:00:03 +08 2025: [ethereum] Attempt 1/5
Sat Dec  6 15:00:05 +08 2025: SUCCESS → ethereum | Current: $3040.39 | High: $3182.35 | Low: $2989.83
=========================================================================
Sat Dec  6 16:00:01 +08 2025: [ethereum] Attempt 1/5
Sat Dec  6 16:00:02 +08 2025: SUCCESS → ethereum | Current: $3029.08 | High: $3174.08 | Low: $2989.83
=========================================================================
Sat Dec  6 17:00:02 +08 2025: [ethereum] Attempt 1/5
Sat Dec  6 17:00:02 +08 2025: SUCCESS → ethereum | Current: $3017.10 | High: $3157.21 | Low: $2989.83
=========================================================================
Sat Dec  6 18:00:02 +08 2025: [ethereum] Attempt 1/5
Sat Dec  6 18:00:02 +08 2025: SUCCESS → ethereum | Current: $3031.18 | High: $3154.09 | Low: $2989.83
=========================================================================
Sat Dec  6 19:00:02 +08 2025: [ethereum] Attempt 1/5
Sat Dec  6 19:00:02 +08 2025: SUCCESS → ethereum | Current: $3032.25 | High: $3154.09 | Low: $2989.83
=========================================================================
Sat Dec  6 20:00:02 +08 2025: [ethereum] Attempt 1/5
Sat Dec  6 20:00:02 +08 2025: SUCCESS → ethereum | Current: $3040.31 | High: $3154.09 | Low: $2989.83
=========================================================================
Sat Dec  6 21:00:02 +08 2025: [ethereum] Attempt 1/5
Sat Dec  6 21:00:02 +08 2025: SUCCESS → ethereum | Current: $3032.63 | High: $3154.09 | Low: $2989.83
=========================================================================
Sat Dec  6 22:00:02 +08 2025: [ethereum] Attempt 1/5
Sat Dec  6 22:00:02 +08 2025: SUCCESS → ethereum | Current: $3038.28 | High: $3154.09 | Low: $2989.83
=========================================================================
Sat Dec  6 23:00:02 +08 2025: [ethereum] Attempt 1/5
Sat Dec  6 23:00:02 +08 2025: SUCCESS → ethereum | Current: $3055.56 | High: $3154.09 | Low: $2989.83
=========================================================================
Sun Dec  7 00:00:02 +08 2025: [ethereum] Attempt 1/5
Sun Dec  7 00:00:02 +08 2025: SUCCESS → ethereum | Current: $3045.75 | High: $3107.17 | Low: $2989.83
=========================================================================
Sun Dec  7 01:00:02 +08 2025: [ethereum] Attempt 1/5
Sun Dec  7 01:00:02 +08 2025: SUCCESS → ethereum | Current: $3052.68 | High: $3067.66 | Low: $2989.83
=========================================================================
Sun Dec  7 02:00:02 +08 2025: [ethereum] Attempt 1/5
Sun Dec  7 02:00:02 +08 2025: SUCCESS → ethereum | Current: $3052.24 | High: $3067.66 | Low: $2989.83
=========================================================================
Sun Dec  7 03:00:02 +08 2025: [ethereum] Attempt 1/5
Sun Dec  7 03:00:02 +08 2025: SUCCESS → ethereum | Current: $3041.33 | High: $3067.66 | Low: $2989.83
=========================================================================
Sun Dec  7 04:00:02 +08 2025: [ethereum] Attempt 1/5
Sun Dec  7 04:00:03 +08 2025: SUCCESS → ethereum | Current: $3030.58 | High: $3067.66 | Low: $3009.09
=========================================================================
Sun Dec  7 05:00:02 +08 2025: [ethereum] Attempt 1/5
Sun Dec  7 05:00:03 +08 2025: SUCCESS → ethereum | Current: $3040.94 | High: $3067.66 | Low: $3009.09
=========================================================================
Sun Dec  7 06:00:02 +08 2025: [ethereum] Attempt 1/5
Sun Dec  7 06:00:02 +08 2025: SUCCESS → ethereum | Current: $3043.28 | High: $3067.66 | Low: $3009.09
=========================================================================
Sun Dec  7 07:00:02 +08 2025: [ethereum] Attempt 1/5
Sun Dec  7 07:00:02 +08 2025: SUCCESS → ethereum | Current: $3043.27 | High: $3067.66 | Low: $3009.09
=========================================================================
Sun Dec  7 08:00:02 +08 2025: [ethereum] Attempt 1/5
Sun Dec  7 08:00:03 +08 2025: SUCCESS → ethereum | Current: $3040.13 | High: $3067.66 | Low: $3013.98
=========================================================================
Sun Dec  7 09:00:02 +08 2025: [ethereum] Attempt 1/5
Sun Dec  7 09:00:02 +08 2025: SUCCESS → ethereum | Current: $3045.94 | High: $3067.66 | Low: $3015.27
=========================================================================
Sun Dec  7 10:00:02 +08 2025: [ethereum] Attempt 1/5
Sun Dec  7 10:00:02 +08 2025: SUCCESS → ethereum | Current: $3046.58 | High: $3067.66 | Low: $3015.27
=========================================================================
Sun Dec  7 11:00:02 +08 2025: [ethereum] Attempt 1/5
Sun Dec  7 11:00:03 +08 2025: SUCCESS → ethereum | Current: $3050.86 | High: $3067.66 | Low: $3015.27
=========================================================================
Sun Dec  7 12:00:01 +08 2025: [ethereum] Attempt 1/5
Sun Dec  7 12:00:02 +08 2025: SUCCESS → ethereum | Current: $3054.56 | High: $3067.66 | Low: $3015.27
=========================================================================
Sun Dec  7 13:00:02 +08 2025: [ethereum] Attempt 1/5
Sun Dec  7 13:00:03 +08 2025: SUCCESS → ethereum | Current: $3047.59 | High: $3067.66 | Low: $3015.27
=========================================================================
Sun Dec  7 14:00:02 +08 2025: [ethereum] Attempt 1/5
Sun Dec  7 14:00:02 +08 2025: SUCCESS → ethereum | Current: $3047.23 | High: $3067.66 | Low: $3015.27
=========================================================================
Sun Dec  7 15:00:02 +08 2025: [ethereum] Attempt 1/5
Sun Dec  7 15:00:02 +08 2025: SUCCESS → ethereum | Current: $3047.65 | High: $3067.66 | Low: $3015.27
=========================================================================
Sun Dec  7 16:00:02 +08 2025: [ethereum] Attempt 1/5
Sun Dec  7 16:00:03 +08 2025: SUCCESS → ethereum | Current: $3037.38 | High: $3067.66 | Low: $3015.27
=========================================================================
Sun Dec  7 17:00:02 +08 2025: [ethereum] Attempt 1/5
Sun Dec  7 17:00:02 +08 2025: SUCCESS → ethereum | Current: $3037.33 | High: $3067.66 | Low: $3015.27
=========================================================================
Sun Dec  7 18:00:02 +08 2025: [ethereum] Attempt 1/5
Sun Dec  7 18:00:02 +08 2025: SUCCESS → ethereum | Current: $3029.43 | High: $3067.66 | Low: $3026.47
=========================================================================
Sun Dec  7 19:00:02 +08 2025: [ethereum] Attempt 1/5
Sun Dec  7 19:00:03 +08 2025: SUCCESS → ethereum | Current: $3040.56 | High: $3067.66 | Low: $3026.47
=========================================================================
Sun Dec  7 20:00:02 +08 2025: [ethereum] Attempt 1/5
Sun Dec  7 20:00:02 +08 2025: SUCCESS → ethereum | Current: $3037.38 | High: $3067.66 | Low: $3026.47
=========================================================================
Sun Dec  7 21:00:02 +08 2025: [ethereum] Attempt 1/5
Sun Dec  7 21:00:02 +08 2025: SUCCESS → ethereum | Current: $3049.10 | High: $3067.66 | Low: $3026.47
=========================================================================
Sun Dec  7 22:00:05 +08 2025: [ethereum] Attempt 1/5
Sun Dec  7 22:00:07 +08 2025: SUCCESS → ethereum | Current: $3033.78 | High: $3067.66 | Low: $3026.47
=========================================================================
Sun Dec  7 23:00:02 +08 2025: [ethereum] Attempt 1/5
Sun Dec  7 23:00:03 +08 2025: SUCCESS → ethereum | Current: $2944.98 | High: $3065.33 | Low: $2930.65
=========================================================================
Mon Dec  8 00:00:01 +08 2025: [ethereum] Attempt 1/5
Mon Dec  8 00:00:02 +08 2025: SUCCESS → ethereum | Current: $3014.86 | High: $3065.33 | Low: $2930.65
=========================================================================
Mon Dec  8 01:00:01 +08 2025: [ethereum] Attempt 1/5
Mon Dec  8 01:00:02 +08 2025: SUCCESS → ethereum | Current: $3019.75 | High: $3059.05 | Low: $2930.65
=========================================================================
Mon Dec  8 02:00:01 +08 2025: [ethereum] Attempt 1/5
Mon Dec  8 02:00:02 +08 2025: SUCCESS → ethereum | Current: $3114.35 | High: $3132.62 | Low: $2930.65
=========================================================================
Mon Dec  8 03:00:02 +08 2025: [ethereum] Attempt 1/5
Mon Dec  8 03:00:02 +08 2025: SUCCESS → ethereum | Current: $3134.42 | High: $3148.77 | Low: $2930.65
=========================================================================
Mon Dec  8 04:00:02 +08 2025: [ethereum] Attempt 1/5
Mon Dec  8 04:00:02 +08 2025: SUCCESS → ethereum | Current: $3136.52 | High: $3148.77 | Low: $2930.65
=========================================================================
Mon Dec  8 05:00:02 +08 2025: [ethereum] Attempt 1/5
Mon Dec  8 05:00:02 +08 2025: SUCCESS → ethereum | Current: $3142.08 | High: $3148.77 | Low: $2930.65
=========================================================================
Mon Dec  8 06:00:02 +08 2025: [ethereum] Attempt 1/5
Mon Dec  8 06:00:02 +08 2025: SUCCESS → ethereum | Current: $3079.59 | High: $3148.77 | Low: $2930.65
=========================================================================
Mon Dec  8 07:00:01 +08 2025: [ethereum] Attempt 1/5
Mon Dec  8 07:00:02 +08 2025: SUCCESS → ethereum | Current: $3030.91 | High: $3148.77 | Low: $2930.65
=========================================================================
Mon Dec  8 08:00:02 +08 2025: [ethereum] Attempt 1/5
Mon Dec  8 08:00:02 +08 2025: SUCCESS → ethereum | Current: $3058.70 | High: $3148.77 | Low: $2930.65
=========================================================================
Mon Dec  8 09:00:02 +08 2025: [ethereum] Attempt 1/5
Mon Dec  8 09:00:03 +08 2025: SUCCESS → ethereum | Current: $3064.91 | High: $3148.77 | Low: $2930.65
=========================================================================
Mon Dec  8 10:00:02 +08 2025: [ethereum] Attempt 1/5
Mon Dec  8 10:00:02 +08 2025: SUCCESS → ethereum | Current: $3111.24 | High: $3148.77 | Low: $2930.65
=========================================================================
Mon Dec  8 11:00:01 +08 2025: [ethereum] Attempt 1/5
Mon Dec  8 11:00:02 +08 2025: SUCCESS → ethereum | Current: $3112.93 | High: $3148.77 | Low: $2930.65
=========================================================================
Mon Dec  8 12:00:02 +08 2025: [ethereum] Attempt 1/5
Mon Dec  8 12:00:02 +08 2025: SUCCESS → ethereum | Current: $3110.27 | High: $3148.77 | Low: $2930.65
=========================================================================
Mon Dec  8 13:00:02 +08 2025: [ethereum] Attempt 1/5
Mon Dec  8 13:00:02 +08 2025: SUCCESS → ethereum | Current: $3124.24 | High: $3148.77 | Low: $2930.65
=========================================================================
Mon Dec  8 14:00:02 +08 2025: [ethereum] Attempt 1/5
Mon Dec  8 14:00:02 +08 2025: SUCCESS → ethereum | Current: $3131.61 | High: $3148.77 | Low: $2930.65
=========================================================================
Mon Dec  8 15:00:02 +08 2025: [ethereum] Attempt 1/5
Mon Dec  8 15:00:02 +08 2025: SUCCESS → ethereum | Current: $3135.21 | High: $3148.77 | Low: $2930.65
=========================================================================
Mon Dec  8 16:00:01 +08 2025: [ethereum] Attempt 1/5
Mon Dec  8 16:00:02 +08 2025: SUCCESS → ethereum | Current: $3132.68 | High: $3148.77 | Low: $2930.65
=========================================================================
Mon Dec  8 17:00:02 +08 2025: [ethereum] Attempt 1/5
Mon Dec  8 17:00:02 +08 2025: SUCCESS → ethereum | Current: $3144.17 | High: $3148.77 | Low: $2930.65
=========================================================================
Mon Dec  8 18:00:01 +08 2025: [ethereum] Attempt 1/5
Mon Dec  8 18:00:01 +08 2025: SUCCESS → ethereum | Current: $3157.37 | High: $3177.87 | Low: $2930.65
=========================================================================
Mon Dec  8 19:00:02 +08 2025: [ethereum] Attempt 1/5
Mon Dec  8 19:00:03 +08 2025: SUCCESS → ethereum | Current: $3160.43 | High: $3177.87 | Low: $2930.65
=========================================================================
Mon Dec  8 20:00:02 +08 2025: [ethereum] Attempt 1/5
Mon Dec  8 20:00:03 +08 2025: SUCCESS → ethereum | Current: $3140.87 | High: $3177.87 | Low: $2930.65
=========================================================================
Mon Dec  8 21:00:01 +08 2025: [ethereum] Attempt 1/5
Mon Dec  8 21:00:01 +08 2025: SUCCESS → ethereum | Current: $3131.58 | High: $3177.87 | Low: $2930.65
=========================================================================
Mon Dec  8 22:00:02 +08 2025: [ethereum] Attempt 1/5
Mon Dec  8 22:00:03 +08 2025: SUCCESS → ethereum | Current: $3149.00 | High: $3177.87 | Low: $2930.65
=========================================================================
Mon Dec  8 23:00:02 +08 2025: [ethereum] Attempt 1/5
Mon Dec  8 23:00:03 +08 2025: SUCCESS → ethereum | Current: $3156.15 | High: $3177.87 | Low: $2941.89
=========================================================================
Tue Dec  9 00:00:03 +08 2025: [ethereum] Attempt 1/5
Tue Dec  9 00:00:03 +08 2025: SUCCESS → ethereum | Current: $3109.06 | High: $3177.87 | Low: $3002.96
=========================================================================
Tue Dec  9 01:00:02 +08 2025: [ethereum] Attempt 1/5
Tue Dec  9 01:00:03 +08 2025: SUCCESS → ethereum | Current: $3105.31 | High: $3177.87 | Low: $3023.94
=========================================================================
Tue Dec  9 02:00:01 +08 2025: [ethereum] Attempt 1/5
Tue Dec  9 02:00:02 +08 2025: SUCCESS → ethereum | Current: $3112.66 | High: $3177.87 | Low: $3023.94
=========================================================================
Tue Dec  9 03:00:02 +08 2025: [ethereum] Attempt 1/5
Tue Dec  9 03:00:03 +08 2025: SUCCESS → ethereum | Current: $3101.60 | High: $3177.87 | Low: $3023.94
=========================================================================
Tue Dec  9 04:00:01 +08 2025: [ethereum] Attempt 1/5
Tue Dec  9 04:00:02 +08 2025: SUCCESS → ethereum | Current: $3123.91 | High: $3177.87 | Low: $3023.94
=========================================================================
Tue Dec  9 05:00:01 +08 2025: [ethereum] Attempt 1/5
Tue Dec  9 05:00:02 +08 2025: SUCCESS → ethereum | Current: $3137.73 | High: $3177.87 | Low: $3023.94
=========================================================================
Tue Dec  9 06:00:01 +08 2025: [ethereum] Attempt 1/5
Tue Dec  9 06:00:02 +08 2025: SUCCESS → ethereum | Current: $3147.43 | High: $3177.87 | Low: $3023.94
=========================================================================
Tue Dec  9 07:00:01 +08 2025: [ethereum] Attempt 1/5
Tue Dec  9 07:00:02 +08 2025: SUCCESS → ethereum | Current: $3128.64 | High: $3177.87 | Low: $3023.94
=========================================================================
Tue Dec  9 08:00:02 +08 2025: [ethereum] Attempt 1/5
Tue Dec  9 08:00:02 +08 2025: SUCCESS → ethereum | Current: $3124.89 | High: $3177.87 | Low: $3043.70
=========================================================================
Tue Dec  9 09:00:02 +08 2025: [ethereum] Attempt 1/5
Tue Dec  9 09:00:02 +08 2025: SUCCESS → ethereum | Current: $3119.74 | High: $3177.87 | Low: $3063.45
=========================================================================
Tue Dec  9 10:00:02 +08 2025: [ethereum] Attempt 1/5
Tue Dec  9 10:00:03 +08 2025: SUCCESS → ethereum | Current: $3104.72 | High: $3177.87 | Low: $3083.34
=========================================================================
Tue Dec  9 11:00:01 +08 2025: [ethereum] Attempt 1/5
Tue Dec  9 11:00:02 +08 2025: SUCCESS → ethereum | Current: $3103.87 | High: $3177.87 | Low: $3083.34
=========================================================================
Tue Dec  9 12:00:00 +08 2025: [ethereum] Attempt 1/5
Tue Dec  9 12:00:01 +08 2025: SUCCESS → ethereum | Current: $3122.97 | High: $3177.87 | Low: $3083.34
=========================================================================
Tue Dec  9 13:00:01 +08 2025: [ethereum] Attempt 1/5
Tue Dec  9 13:00:01 +08 2025: SUCCESS → ethereum | Current: $3107.23 | High: $3177.87 | Low: $3083.34
=========================================================================
Tue Dec  9 14:00:00 +08 2025: [ethereum] Attempt 1/5
Tue Dec  9 14:00:01 +08 2025: SUCCESS → ethereum | Current: $3107.78 | High: $3177.87 | Low: $3083.34
=========================================================================
Tue Dec  9 15:00:01 +08 2025: [ethereum] Attempt 1/5
Tue Dec  9 15:00:01 +08 2025: SUCCESS → ethereum | Current: $3108.22 | High: $3177.87 | Low: $3083.34
=========================================================================
Tue Dec  9 16:00:00 +08 2025: [ethereum] Attempt 1/5
Tue Dec  9 16:00:01 +08 2025: SUCCESS → ethereum | Current: $3125.21 | High: $3177.87 | Low: $3083.34
=========================================================================
Tue Dec  9 17:00:00 +08 2025: [ethereum] Attempt 1/5
Tue Dec  9 17:00:01 +08 2025: SUCCESS → ethereum | Current: $3124.38 | High: $3177.87 | Low: $3083.34
=========================================================================
Tue Dec  9 18:00:00 +08 2025: [ethereum] Attempt 1/5
Tue Dec  9 18:00:01 +08 2025: SUCCESS → ethereum | Current: $3107.70 | High: $3174.83 | Low: $3083.34
=========================================================================
Tue Dec  9 19:00:01 +08 2025: [ethereum] Attempt 1/5
Tue Dec  9 19:00:01 +08 2025: SUCCESS → ethereum | Current: $3105.17 | High: $3174.83 | Low: $3083.34
=========================================================================
Tue Dec  9 20:00:01 +08 2025: [ethereum] Attempt 1/5
Tue Dec  9 20:00:02 +08 2025: SUCCESS → ethereum | Current: $3117.13 | High: $3174.83 | Low: $3083.34
=========================================================================
Tue Dec  9 21:00:02 +08 2025: [ethereum] Attempt 1/5
Tue Dec  9 21:00:03 +08 2025: SUCCESS → ethereum | Current: $3139.21 | High: $3174.83 | Low: $3083.34
=========================================================================
Tue Dec  9 22:00:03 +08 2025: [ethereum] Attempt 1/5
Tue Dec  9 22:00:05 +08 2025: SUCCESS → ethereum | Current: $3114.93 | High: $3174.83 | Low: $3083.34
=========================================================================
Tue Dec  9 23:00:01 +08 2025: [ethereum] Attempt 1/5
Tue Dec  9 23:00:02 +08 2025: SUCCESS → ethereum | Current: $3116.37 | High: $3150.11 | Low: $3083.34
=========================================================================
