Tue Dec  2 19:00:03 +08 2025: [bitcoin] Attempt 1/5
Tue Dec  2 19:00:05 +08 2025: SUCCESS → bitcoin | Current: $87324.43 | High: $87578.36 | Low: $83862.25
=========================================================================

Tue Dec  2 19:00:03 +08 2025: [ethereum] Attempt 1/5
Tue Dec  2 19:00:05 +08 2025: SUCCESS → ethereum | Current: $2824.77 | High: $2847.84 | Low: $2720.44
=========================================================================

Tue Dec  2 20:00:02 +08 2025: [bitcoin] Attempt 1/5
Tue Dec  2 20:00:04 +08 2025: SUCCESS → bitcoin | Current: $87530.00 | High: $87578.36 | Low: $83862.25
=========================================================================

Tue Dec  2 20:00:02 +08 2025: [ethereum] Attempt 1/5
Tue Dec  2 20:00:04 +08 2025: SUCCESS → ethereum | Current: $2827.92 | High: $2838.83 | Low: $2720.44
=========================================================================

Tue Dec  2 21:00:02 +08 2025: [bitcoin] Attempt 1/5
Tue Dec  2 21:00:04 +08 2025: SUCCESS → bitcoin | Current: $87307.37 | High: $87578.36 | Low: $83862.25
=========================================================================

Tue Dec  2 21:00:03 +08 2025: [ethereum] Attempt 1/5
Tue Dec  2 21:00:05 +08 2025: SUCCESS → ethereum | Current: $2826.01 | High: $2838.76 | Low: $2720.44
=========================================================================

Tue Dec  2 22:00:01 +08 2025: [bitcoin] Attempt 1/5
Tue Dec  2 22:00:03 +08 2025: SUCCESS → bitcoin | Current: $87768.68 | High: $87744.06 | Low: $83862.25
=========================================================================

Tue Dec  2 22:00:02 +08 2025: [ethereum] Attempt 1/5
Tue Dec  2 22:00:04 +08 2025: SUCCESS → ethereum | Current: $2842.08 | High: $2843.61 | Low: $2720.44
=========================================================================

Tue Dec  2 23:00:02 +08 2025: [bitcoin] Attempt 1/5
Tue Dec  2 23:00:04 +08 2025: SUCCESS → bitcoin | Current: $89131.40 | High: $89229.92 | Low: $83862.25
=========================================================================

Tue Dec  2 23:00:03 +08 2025: [ethereum] Attempt 1/5
Tue Dec  2 23:00:05 +08 2025: SUCCESS → ethereum | Current: $2888.59 | High: $2908.64 | Low: $2720.44
=========================================================================

Tue Dec  3 00:00:01 +08 2025: [bitcoin] Attempt 1/5
Tue Dec  3 00:00:03 +08 2025: SUCCESS → bitcoin | Current: $90924.15 | High: $91193.79 | Low: $84071.67
=========================================================================

Tue Dec  3 00:00:02 +08 2025: [ethereum] Attempt 1/5
Tue Dec  3 00:00:04 +08 2025: SUCCESS → ethereum | Current: $3007.84 | High: $3018.28 | Low: $2722.35
=========================================================================

Tue Dec  3 01:00:02 +08 2025: [bitcoin] Attempt 1/5
Tue Dec  3 01:00:04 +08 2025: SUCCESS → bitcoin | Current: $91046.43 | High: $91268.04 | Low: $84467.08
=========================================================================

Tue Dec  3 01:00:02 +08 2025: [ethereum] Attempt 1/5
Tue Dec  3 01:00:04 +08 2025: SUCCESS → ethereum | Current: $3005.63 | High: $3023.33 | Low: $2726.18
=========================================================================

Tue Dec  3 02:00:02 +08 2025: [bitcoin] Attempt 1/5
Tue Dec  3 02:00:04 +08 2025: SUCCESS → bitcoin | Current: $91550.86 | High: $91994.54 | Low: $84634.05
=========================================================================

Tue Dec  3 02:00:02 +08 2025: [ethereum] Attempt 1/5
Tue Dec  3 02:00:04 +08 2025: SUCCESS → ethereum | Current: $3019.61 | High: $3032.34 | Low: $2726.18
=========================================================================

Tue Dec  3 03:00:01 +08 2025: [bitcoin] Attempt 1/5
Tue Dec  3 03:00:03 +08 2025: SUCCESS → bitcoin | Current: $91957.07 | High: $92213.01 | Low: $84634.05
=========================================================================

Tue Dec  3 03:00:02 +08 2025: [ethereum] Attempt 1/5
Tue Dec  3 03:00:04 +08 2025: SUCCESS → ethereum | Current: $3014.70 | High: $3032.76 | Low: $2732.90
=========================================================================

Tue Dec  3 04:00:01 +08 2025: [bitcoin] Attempt 1/5
Tue Dec  3 04:00:03 +08 2025: SUCCESS → bitcoin | Current: $91994.33 | High: $92316.63 | Low: $85007.32
=========================================================================

Tue Dec  3 04:00:02 +08 2025: [ethereum] Attempt 1/5
Tue Dec  3 04:00:04 +08 2025: SUCCESS → ethereum | Current: $3016.98 | High: $3032.76 | Low: $2740.43
=========================================================================

Tue Dec  3 05:00:02 +08 2025: [bitcoin] Attempt 1/5
Tue Dec  3 05:00:04 +08 2025: SUCCESS → bitcoin | Current: $91016.47 | High: $92316.63 | Low: $85423.44
=========================================================================

Tue Dec  3 05:00:02 +08 2025: [ethereum] Attempt 1/5
Tue Dec  3 05:00:04 +08 2025: SUCCESS → ethereum | Current: $2983.26 | High: $3032.76 | Low: $2756.75
=========================================================================

Tue Dec  3 06:00:02 +08 2025: [bitcoin] Attempt 1/5
Tue Dec  3 06:00:04 +08 2025: SUCCESS → bitcoin | Current: $91609.75 | High: $92316.63 | Low: $86202.19
=========================================================================

Tue Dec  3 06:00:02 +08 2025: [ethereum] Attempt 1/5
Tue Dec  3 06:00:04 +08 2025: SUCCESS → ethereum | Current: $2997.20 | High: $3032.76 | Low: $2784.39
=========================================================================

Tue Dec  3 07:00:01 +08 2025: [bitcoin] Attempt 1/5
Tue Dec  3 07:00:03 +08 2025: SUCCESS → bitcoin | Current: $91985.10 | High: $92316.63 | Low: $86202.19
=========================================================================

Tue Dec  3 07:00:02 +08 2025: [ethereum] Attempt 1/5
Tue Dec  3 07:00:04 +08 2025: SUCCESS → ethereum | Current: $3016.08 | High: $3032.76 | Low: $2784.39
=========================================================================

Tue Dec  3 08:00:02 +08 2025: [bitcoin] Attempt 1/5
Tue Dec  3 08:00:04 +08 2025: SUCCESS → bitcoin | Current: $91381.47 | High: $92316.63 | Low: $86202.19
=========================================================================

Tue Dec  3 08:00:02 +08 2025: [ethereum] Attempt 1/5
Tue Dec  3 08:00:04 +08 2025: SUCCESS → ethereum | Current: $2997.69 | High: $3032.76 | Low: $2784.39
=========================================================================

Tue Dec  3 09:00:02 +08 2025: [bitcoin] Attempt 1/5
Tue Dec  3 09:00:04 +08 2025: SUCCESS → bitcoin | Current: $91518.67 | High: $92316.63 | Low: $86216.69
=========================================================================

Tue Dec  3 09:00:02 +08 2025: [ethereum] Attempt 1/5
Tue Dec  3 09:00:04 +08 2025: SUCCESS → ethereum | Current: $3003.80 | High: $3032.76 | Low: $2784.39
=========================================================================

Tue Dec  3 10:00:02 +08 2025: [bitcoin] Attempt 1/5
Tue Dec  3 10:00:04 +08 2025: SUCCESS → bitcoin | Current: $92304.42 | High: $92439.02 | Low: $86216.69
=========================================================================

Tue Dec  3 10:00:03 +08 2025: [ethereum] Attempt 1/5
Tue Dec  3 10:00:05 +08 2025: SUCCESS → ethereum | Current: $3019.23 | High: $3032.76 | Low: $2784.39
=========================================================================Wed Dec  3 11:00:01 +08 2025: [bitcoin] Attempt 1/5
Wed Dec  3 11:00:01 +08 2025: SUCCESS → bitcoin | Current: $92757.54 | High: $93003.31 | Low: $86216.69
=========================================================================
Wed Dec  3 11:00:01 +08 2025: [ethereum] Attempt 1/5
Wed Dec  3 11:00:02 +08 2025: SUCCESS → ethereum | Current: $3031.87 | High: $3046.22 | Low: $2784.39
=========================================================================
Wed Dec  3 12:00:01 +08 2025: [bitcoin] Attempt 1/5
Wed Dec  3 12:00:01 +08 2025: SUCCESS → bitcoin | Current: $92756.65 | High: $93003.31 | Low: $86404.40
=========================================================================
Wed Dec  3 12:00:01 +08 2025: [ethereum] Attempt 1/5
Wed Dec  3 12:00:02 +08 2025: SUCCESS → ethereum | Current: $3033.93 | High: $3046.22 | Low: $2784.39
=========================================================================
Wed Dec  3 13:00:01 +08 2025: [bitcoin] Attempt 1/5
Wed Dec  3 13:00:02 +08 2025: SUCCESS → bitcoin | Current: $93145.95 | High: $93199.51 | Low: $86404.40
=========================================================================
Wed Dec  3 13:00:02 +08 2025: [ethereum] Attempt 1/5
Wed Dec  3 13:00:02 +08 2025: SUCCESS → ethereum | Current: $3058.73 | High: $3059.33 | Low: $2784.39
=========================================================================
Wed Dec  3 14:00:01 +08 2025: [bitcoin] Attempt 1/5
Wed Dec  3 14:00:02 +08 2025: SUCCESS → bitcoin | Current: $93574.25 | High: $93636.26 | Low: $86404.40
=========================================================================
Wed Dec  3 14:00:02 +08 2025: [ethereum] Attempt 1/5
Wed Dec  3 14:00:03 +08 2025: SUCCESS → ethereum | Current: $3061.59 | High: $3070.31 | Low: $2784.39
=========================================================================
Wed Dec  3 15:00:01 +08 2025: [bitcoin] Attempt 1/5
Wed Dec  3 15:00:01 +08 2025: SUCCESS → bitcoin | Current: $93393.54 | High: $93965.10 | Low: $86404.40
=========================================================================
Wed Dec  3 15:00:01 +08 2025: [ethereum] Attempt 1/5
Wed Dec  3 15:00:02 +08 2025: SUCCESS → ethereum | Current: $3066.36 | High: $3084.96 | Low: $2784.39
=========================================================================
Wed Dec  3 16:00:01 +08 2025: [bitcoin] Attempt 1/5
Wed Dec  3 16:00:02 +08 2025: SUCCESS → bitcoin | Current: $93030.14 | High: $93965.10 | Low: $86404.40
=========================================================================
Wed Dec  3 16:00:02 +08 2025: [ethereum] Attempt 1/5
Wed Dec  3 16:00:02 +08 2025: SUCCESS → ethereum | Current: $3061.77 | High: $3084.96 | Low: $2784.39
=========================================================================
Wed Dec  3 17:00:01 +08 2025: [bitcoin] Attempt 1/5
Wed Dec  3 17:00:02 +08 2025: SUCCESS → bitcoin | Current: $92760.69 | High: $93965.10 | Low: $86404.40
=========================================================================
Wed Dec  3 17:00:02 +08 2025: [ethereum] Attempt 1/5
Wed Dec  3 17:00:02 +08 2025: SUCCESS → ethereum | Current: $3049.17 | High: $3084.96 | Low: $2796.30
=========================================================================
Wed Dec  3 18:00:01 +08 2025: [bitcoin] Attempt 1/5
Wed Dec  3 18:00:02 +08 2025: SUCCESS → bitcoin | Current: $93178.54 | High: $93965.10 | Low: $86737.32
=========================================================================
Wed Dec  3 18:00:02 +08 2025: [ethereum] Attempt 1/5
Wed Dec  3 18:00:02 +08 2025: SUCCESS → ethereum | Current: $3060.36 | High: $3084.96 | Low: $2798.28
=========================================================================
Wed Dec  3 19:00:02 +08 2025: [bitcoin] Attempt 1/5
Wed Dec  3 19:00:02 +08 2025: SUCCESS → bitcoin | Current: $93026.00 | High: $93965.10 | Low: $87033.17
=========================================================================
Wed Dec  3 19:00:02 +08 2025: [ethereum] Attempt 1/5
Wed Dec  3 19:00:03 +08 2025: SUCCESS → ethereum | Current: $3059.89 | High: $3084.96 | Low: $2817.63
=========================================================================
Wed Dec  3 20:00:01 +08 2025: [bitcoin] Attempt 1/5
Wed Dec  3 20:00:01 +08 2025: SUCCESS → bitcoin | Current: $93012.14 | High: $93965.10 | Low: $87107.62
=========================================================================
Wed Dec  3 20:00:01 +08 2025: [ethereum] Attempt 1/5
Wed Dec  3 20:00:02 +08 2025: SUCCESS → ethereum | Current: $3073.10 | High: $3084.96 | Low: $2817.63
=========================================================================
Wed Dec  3 21:00:01 +08 2025: [bitcoin] Attempt 1/5
Wed Dec  3 21:00:02 +08 2025: SUCCESS → bitcoin | Current: $92959.45 | High: $93965.10 | Low: $87107.62
=========================================================================
Wed Dec  3 21:00:02 +08 2025: [ethereum] Attempt 1/5
Wed Dec  3 21:00:02 +08 2025: SUCCESS → ethereum | Current: $3081.33 | High: $3084.96 | Low: $2823.58
=========================================================================
Wed Dec  3 22:00:01 +08 2025: [bitcoin] Attempt 1/5
Wed Dec  3 22:00:02 +08 2025: SUCCESS → bitcoin | Current: $93192.18 | High: $93965.10 | Low: $87646.45
=========================================================================
Wed Dec  3 22:00:02 +08 2025: [ethereum] Attempt 1/5
Wed Dec  3 22:00:02 +08 2025: SUCCESS → ethereum | Current: $3093.40 | High: $3094.04 | Low: $2841.28
=========================================================================
Wed Dec  3 23:00:01 +08 2025: [bitcoin] Attempt 1/5
Wed Dec  3 23:00:02 +08 2025: SUCCESS → bitcoin | Current: $92708.81 | High: $93965.10 | Low: $89155.00
=========================================================================
Wed Dec  3 23:00:02 +08 2025: [ethereum] Attempt 1/5
Wed Dec  3 23:00:02 +08 2025: SUCCESS → ethereum | Current: $3089.91 | High: $3141.51 | Low: $2893.85
=========================================================================
Thu Dec  4 00:00:01 +08 2025: [bitcoin] Attempt 1/5
Thu Dec  4 00:00:02 +08 2025: SUCCESS → bitcoin | Current: $92477.33 | High: $93965.10 | Low: $90288.98
=========================================================================
Thu Dec  4 00:00:02 +08 2025: [ethereum] Attempt 1/5
Thu Dec  4 00:00:02 +08 2025: SUCCESS → ethereum | Current: $3084.82 | High: $3141.51 | Low: $2976.18
=========================================================================
Thu Dec  4 01:00:01 +08 2025: [bitcoin] Attempt 1/5
Thu Dec  4 01:00:02 +08 2025: SUCCESS → bitcoin | Current: $92470.37 | High: $93965.10 | Low: $90772.05
=========================================================================
Thu Dec  4 01:00:02 +08 2025: [ethereum] Attempt 1/5
Thu Dec  4 01:00:03 +08 2025: SUCCESS → ethereum | Current: $3095.94 | High: $3141.51 | Low: $2976.18
=========================================================================
Thu Dec  4 02:00:01 +08 2025: [bitcoin] Attempt 1/5
Thu Dec  4 02:00:01 +08 2025: SUCCESS → bitcoin | Current: $93008.57 | High: $93965.10 | Low: $90799.19
=========================================================================
Thu Dec  4 02:00:01 +08 2025: [ethereum] Attempt 1/5
Thu Dec  4 02:00:02 +08 2025: SUCCESS → ethereum | Current: $3131.60 | High: $3141.51 | Low: $2976.18
=========================================================================
Thu Dec  4 03:00:01 +08 2025: [bitcoin] Attempt 1/5
Thu Dec  4 03:00:02 +08 2025: SUCCESS → bitcoin | Current: $92574.45 | High: $93965.10 | Low: $90799.19
=========================================================================
Thu Dec  4 03:00:02 +08 2025: [ethereum] Attempt 1/5
Thu Dec  4 03:00:02 +08 2025: SUCCESS → ethereum | Current: $3115.70 | High: $3141.51 | Low: $2976.18
=========================================================================
Thu Dec  4 04:00:01 +08 2025: [bitcoin] Attempt 1/5
Thu Dec  4 04:00:02 +08 2025: SUCCESS → bitcoin | Current: $92992.95 | High: $93965.10 | Low: $90799.19
=========================================================================
Thu Dec  4 04:00:02 +08 2025: [ethereum] Attempt 1/5
Thu Dec  4 04:00:02 +08 2025: SUCCESS → ethereum | Current: $3129.87 | High: $3141.51 | Low: $2976.18
=========================================================================
Thu Dec  4 05:00:01 +08 2025: [bitcoin] Attempt 1/5
Thu Dec  4 05:00:02 +08 2025: SUCCESS → bitcoin | Current: $93157.42 | High: $93965.10 | Low: $91037.65
=========================================================================
Thu Dec  4 05:00:02 +08 2025: [ethereum] Attempt 1/5
Thu Dec  4 05:00:02 +08 2025: SUCCESS → ethereum | Current: $3142.28 | High: $3154.08 | Low: $2980.28
=========================================================================
Thu Dec  4 06:00:01 +08 2025: [bitcoin] Attempt 1/5
Thu Dec  4 06:00:02 +08 2025: SUCCESS → bitcoin | Current: $93619.99 | High: $93965.10 | Low: $91056.39
=========================================================================
Thu Dec  4 06:00:02 +08 2025: [ethereum] Attempt 1/5
Thu Dec  4 06:00:02 +08 2025: SUCCESS → ethereum | Current: $3150.99 | High: $3154.08 | Low: $2988.14
=========================================================================
Thu Dec  4 07:00:01 +08 2025: [bitcoin] Attempt 1/5
Thu Dec  4 07:00:02 +08 2025: SUCCESS → bitcoin | Current: $93822.52 | High: $94056.78 | Low: $91056.39
=========================================================================
Thu Dec  4 07:00:02 +08 2025: [ethereum] Attempt 1/5
Thu Dec  4 07:00:02 +08 2025: SUCCESS → ethereum | Current: $3189.56 | High: $3194.69 | Low: $2988.14
=========================================================================
Thu Dec  4 08:00:01 +08 2025: [bitcoin] Attempt 1/5
Thu Dec  4 08:00:02 +08 2025: SUCCESS → bitcoin | Current: $93624.44 | High: $94060.77 | Low: $91056.39
=========================================================================
Thu Dec  4 08:00:02 +08 2025: [ethereum] Attempt 1/5
Thu Dec  4 08:00:02 +08 2025: SUCCESS → ethereum | Current: $3196.54 | High: $3212.56 | Low: $2988.14
=========================================================================
Thu Dec  4 09:00:01 +08 2025: [bitcoin] Attempt 1/5
Thu Dec  4 09:00:02 +08 2025: SUCCESS → bitcoin | Current: $93036.74 | High: $94060.77 | Low: $91523.65
=========================================================================
Thu Dec  4 09:00:02 +08 2025: [ethereum] Attempt 1/5
Thu Dec  4 09:00:03 +08 2025: SUCCESS → ethereum | Current: $3198.53 | High: $3212.56 | Low: $3001.52
=========================================================================
Thu Dec  4 10:00:01 +08 2025: [bitcoin] Attempt 1/5
Thu Dec  4 10:00:01 +08 2025: SUCCESS → bitcoin | Current: $93244.95 | High: $94060.77 | Low: $91782.96
=========================================================================
Thu Dec  4 10:00:01 +08 2025: [ethereum] Attempt 1/5
Thu Dec  4 10:00:02 +08 2025: SUCCESS → ethereum | Current: $3203.08 | High: $3238.56 | Low: $3015.28
=========================================================================
Thu Dec  4 11:00:01 +08 2025: [bitcoin] Attempt 1/5
Thu Dec  4 11:00:01 +08 2025: SUCCESS → bitcoin | Current: $93895.63 | High: $94060.77 | Low: $91782.96
=========================================================================
Thu Dec  4 11:00:01 +08 2025: [ethereum] Attempt 1/5
Thu Dec  4 11:00:02 +08 2025: SUCCESS → ethereum | Current: $3224.43 | High: $3238.56 | Low: $3023.34
=========================================================================
Thu Dec  4 12:00:01 +08 2025: [bitcoin] Attempt 1/5
Thu Dec  4 12:00:01 +08 2025: SUCCESS → bitcoin | Current: $93544.01 | High: $94060.77 | Low: $91782.96
=========================================================================
Thu Dec  4 12:00:02 +08 2025: [ethereum] Attempt 1/5
Thu Dec  4 12:00:02 +08 2025: SUCCESS → ethereum | Current: $3209.11 | High: $3238.56 | Low: $3031.33
=========================================================================
Thu Dec  4 13:00:01 +08 2025: [bitcoin] Attempt 1/5
Thu Dec  4 13:00:02 +08 2025: SUCCESS → bitcoin | Current: $93347.90 | High: $94060.77 | Low: $91782.96
=========================================================================
Thu Dec  4 13:00:02 +08 2025: [ethereum] Attempt 1/5
Thu Dec  4 13:00:02 +08 2025: SUCCESS → ethereum | Current: $3194.10 | High: $3238.56 | Low: $3034.76
=========================================================================
Thu Dec  4 14:00:01 +08 2025: [bitcoin] Attempt 1/5
Thu Dec  4 14:00:02 +08 2025: SUCCESS → bitcoin | Current: $92914.60 | High: $94060.77 | Low: $91782.96
=========================================================================
Thu Dec  4 14:00:02 +08 2025: [ethereum] Attempt 1/5
Thu Dec  4 14:00:02 +08 2025: SUCCESS → ethereum | Current: $3182.29 | High: $3238.56 | Low: $3034.76
=========================================================================
Thu Dec  4 15:00:01 +08 2025: [bitcoin] Attempt 1/5
Thu Dec  4 15:00:03 +08 2025: SUCCESS → bitcoin | Current: $93138.65 | High: $94060.77 | Low: $91782.96
=========================================================================
Thu Dec  4 15:00:03 +08 2025: [ethereum] Attempt 1/5
Thu Dec  4 15:00:04 +08 2025: SUCCESS → ethereum | Current: $3207.35 | High: $3238.56 | Low: $3034.76
=========================================================================
Thu Dec  4 16:00:01 +08 2025: [bitcoin] Attempt 1/5
Thu Dec  4 16:00:01 +08 2025: SUCCESS → bitcoin | Current: $93356.49 | High: $94060.77 | Low: $91782.96
=========================================================================
Thu Dec  4 16:00:01 +08 2025: [ethereum] Attempt 1/5
Thu Dec  4 16:00:02 +08 2025: SUCCESS → ethereum | Current: $3192.84 | High: $3238.56 | Low: $3034.76
=========================================================================
Thu Dec  4 17:00:01 +08 2025: [bitcoin] Attempt 1/5
Thu Dec  4 17:00:01 +08 2025: SUCCESS → bitcoin | Current: $93209.29 | High: $94060.77 | Low: $91782.96
=========================================================================
Thu Dec  4 17:00:01 +08 2025: [ethereum] Attempt 1/5
Thu Dec  4 17:00:02 +08 2025: SUCCESS → ethereum | Current: $3181.75 | High: $3238.56 | Low: $3034.76
=========================================================================
Thu Dec  4 18:00:01 +08 2025: [bitcoin] Attempt 1/5
Thu Dec  4 18:00:01 +08 2025: SUCCESS → bitcoin | Current: $93487.88 | High: $94060.77 | Low: $91782.96
=========================================================================
Thu Dec  4 18:00:01 +08 2025: [ethereum] Attempt 1/5
Thu Dec  4 18:00:02 +08 2025: SUCCESS → ethereum | Current: $3205.44 | High: $3238.56 | Low: $3034.76
=========================================================================
Thu Dec  4 19:00:01 +08 2025: [bitcoin] Attempt 1/5
Thu Dec  4 19:00:02 +08 2025: SUCCESS → bitcoin | Current: $93258.65 | High: $94060.77 | Low: $91782.96
=========================================================================
Thu Dec  4 19:00:02 +08 2025: [ethereum] Attempt 1/5
Thu Dec  4 19:00:03 +08 2025: SUCCESS → ethereum | Current: $3188.37 | High: $3238.56 | Low: $3034.76
=========================================================================
Thu Dec  4 20:00:02 +08 2025: [bitcoin] Attempt 1/5
Thu Dec  4 20:00:02 +08 2025: SUCCESS → bitcoin | Current: $92977.89 | High: $94060.77 | Low: $91782.96
=========================================================================
Thu Dec  4 20:00:02 +08 2025: [ethereum] Attempt 1/5
Thu Dec  4 20:00:03 +08 2025: SUCCESS → ethereum | Current: $3187.49 | High: $3238.56 | Low: $3034.76
=========================================================================
Thu Dec  4 21:00:01 +08 2025: [bitcoin] Attempt 1/5
Thu Dec  4 21:00:01 +08 2025: SUCCESS → bitcoin | Current: $93084.53 | High: $94060.77 | Low: $91782.96
=========================================================================
Thu Dec  4 21:00:01 +08 2025: [ethereum] Attempt 1/5
Thu Dec  4 21:00:02 +08 2025: SUCCESS → ethereum | Current: $3179.51 | High: $3238.56 | Low: $3034.76
=========================================================================
Thu Dec  4 22:00:01 +08 2025: [bitcoin] Attempt 1/5
Thu Dec  4 22:00:01 +08 2025: SUCCESS → bitcoin | Current: $92599.94 | High: $94060.77 | Low: $91782.96
=========================================================================
Thu Dec  4 22:00:01 +08 2025: [ethereum] Attempt 1/5
Thu Dec  4 22:00:02 +08 2025: SUCCESS → ethereum | Current: $3173.76 | High: $3238.56 | Low: $3034.76
=========================================================================
Thu Dec  4 23:00:01 +08 2025: [bitcoin] Attempt 1/5
Thu Dec  4 23:00:01 +08 2025: SUCCESS → bitcoin | Current: $92048.28 | High: $94060.77 | Low: $91842.89
=========================================================================
Thu Dec  4 23:00:01 +08 2025: [ethereum] Attempt 1/5
Thu Dec  4 23:00:02 +08 2025: SUCCESS → ethereum | Current: $3153.65 | High: $3238.56 | Low: $3059.98
=========================================================================
Fri Dec  5 00:00:01 +08 2025: [bitcoin] Attempt 1/5
Fri Dec  5 00:00:01 +08 2025: SUCCESS → bitcoin | Current: $93009.16 | High: $94060.77 | Low: $91842.89
=========================================================================
Fri Dec  5 00:00:01 +08 2025: [ethereum] Attempt 1/5
Fri Dec  5 00:00:02 +08 2025: SUCCESS → ethereum | Current: $3213.58 | High: $3238.56 | Low: $3066.84
=========================================================================
Fri Dec  5 01:00:01 +08 2025: [bitcoin] Attempt 1/5
Fri Dec  5 01:00:01 +08 2025: SUCCESS → bitcoin | Current: $92308.23 | High: $94060.77 | Low: $91880.22
=========================================================================
Fri Dec  5 01:00:01 +08 2025: [ethereum] Attempt 1/5
Fri Dec  5 01:00:02 +08 2025: SUCCESS → ethereum | Current: $3165.37 | High: $3238.56 | Low: $3087.04
=========================================================================
Fri Dec  5 02:00:01 +08 2025: [bitcoin] Attempt 1/5
Fri Dec  5 02:00:01 +08 2025: SUCCESS → bitcoin | Current: $92404.20 | High: $94060.77 | Low: $91812.72
=========================================================================
Fri Dec  5 02:00:01 +08 2025: [ethereum] Attempt 1/5
Fri Dec  5 02:00:02 +08 2025: SUCCESS → ethereum | Current: $3159.80 | High: $3238.56 | Low: $3106.25
=========================================================================
Fri Dec  5 03:00:01 +08 2025: [bitcoin] Attempt 1/5
Fri Dec  5 03:00:01 +08 2025: SUCCESS → bitcoin | Current: $92053.69 | High: $94060.77 | Low: $91812.72
=========================================================================
Fri Dec  5 03:00:01 +08 2025: [ethereum] Attempt 1/5
Fri Dec  5 03:00:02 +08 2025: SUCCESS → ethereum | Current: $3137.22 | High: $3238.56 | Low: $3106.25
=========================================================================
Fri Dec  5 04:00:01 +08 2025: [bitcoin] Attempt 1/5
Fri Dec  5 04:00:01 +08 2025: SUCCESS → bitcoin | Current: $92031.20 | High: $94060.77 | Low: $90976.10
=========================================================================
Fri Dec  5 04:00:01 +08 2025: [ethereum] Attempt 1/5
Fri Dec  5 04:00:02 +08 2025: SUCCESS → ethereum | Current: $3123.54 | High: $3238.56 | Low: $3071.31
=========================================================================
Fri Dec  5 05:00:01 +08 2025: [bitcoin] Attempt 1/5
Fri Dec  5 05:00:01 +08 2025: SUCCESS → bitcoin | Current: $92477.39 | High: $94060.77 | Low: $90976.10
=========================================================================
Fri Dec  5 05:00:01 +08 2025: [ethereum] Attempt 1/5
Fri Dec  5 05:00:02 +08 2025: SUCCESS → ethereum | Current: $3140.38 | High: $3238.56 | Low: $3071.31
=========================================================================
Fri Dec  5 06:00:01 +08 2025: [bitcoin] Attempt 1/5
Fri Dec  5 06:00:01 +08 2025: SUCCESS → bitcoin | Current: $92212.76 | High: $94060.77 | Low: $90976.10
=========================================================================
Fri Dec  5 06:00:01 +08 2025: [ethereum] Attempt 1/5
Fri Dec  5 06:00:02 +08 2025: SUCCESS → ethereum | Current: $3126.56 | High: $3238.56 | Low: $3071.31
=========================================================================
Fri Dec  5 07:00:01 +08 2025: [bitcoin] Attempt 1/5
Fri Dec  5 07:00:02 +08 2025: SUCCESS → bitcoin | Current: $92460.97 | High: $94060.77 | Low: $90976.10
=========================================================================
Fri Dec  5 07:00:02 +08 2025: [ethereum] Attempt 1/5
Fri Dec  5 07:00:02 +08 2025: SUCCESS → ethereum | Current: $3145.67 | High: $3238.56 | Low: $3071.31
=========================================================================
Fri Dec  5 08:00:01 +08 2025: [bitcoin] Attempt 1/5
Fri Dec  5 08:00:02 +08 2025: SUCCESS → bitcoin | Current: $92154.24 | High: $94038.24 | Low: $90976.10
=========================================================================
Fri Dec  5 08:00:02 +08 2025: [ethereum] Attempt 1/5
Fri Dec  5 08:00:02 +08 2025: SUCCESS → ethereum | Current: $3134.33 | High: $3238.56 | Low: $3071.31
=========================================================================
Fri Dec  5 09:00:01 +08 2025: [bitcoin] Attempt 1/5
Fri Dec  5 09:00:02 +08 2025: SUCCESS → bitcoin | Current: $92307.29 | High: $94038.24 | Low: $90976.10
=========================================================================
Fri Dec  5 09:00:02 +08 2025: [ethereum] Attempt 1/5
Fri Dec  5 09:00:02 +08 2025: SUCCESS → ethereum | Current: $3148.64 | High: $3238.56 | Low: $3071.31
=========================================================================
Fri Dec  5 10:00:01 +08 2025: [bitcoin] Attempt 1/5
Fri Dec  5 10:00:02 +08 2025: SUCCESS → bitcoin | Current: $92382.77 | High: $94038.24 | Low: $90976.10
=========================================================================
Fri Dec  5 10:00:02 +08 2025: [ethereum] Attempt 1/5
Fri Dec  5 10:00:02 +08 2025: SUCCESS → ethereum | Current: $3165.99 | High: $3227.53 | Low: $3071.31
=========================================================================
Fri Dec  5 11:00:01 +08 2025: [bitcoin] Attempt 1/5
Fri Dec  5 11:00:02 +08 2025: SUCCESS → bitcoin | Current: $92558.38 | High: $94038.24 | Low: $90976.10
=========================================================================
Fri Dec  5 11:00:02 +08 2025: [ethereum] Attempt 1/5
Fri Dec  5 11:00:02 +08 2025: SUCCESS → ethereum | Current: $3184.95 | High: $3227.53 | Low: $3071.31
=========================================================================
Fri Dec  5 12:00:01 +08 2025: [bitcoin] Attempt 1/5
Fri Dec  5 12:00:02 +08 2025: SUCCESS → bitcoin | Current: $92343.96 | High: $93620.95 | Low: $90976.10
=========================================================================
Fri Dec  5 12:00:02 +08 2025: [ethereum] Attempt 1/5
Fri Dec  5 12:00:02 +08 2025: SUCCESS → ethereum | Current: $3172.36 | High: $3223.17 | Low: $3071.31
=========================================================================
Fri Dec  5 13:00:01 +08 2025: [bitcoin] Attempt 1/5
Fri Dec  5 13:00:02 +08 2025: SUCCESS → bitcoin | Current: $92082.33 | High: $93620.95 | Low: $90976.10
=========================================================================
Fri Dec  5 13:00:02 +08 2025: [ethereum] Attempt 1/5
Fri Dec  5 13:00:02 +08 2025: SUCCESS → ethereum | Current: $3171.25 | High: $3223.17 | Low: $3071.31
=========================================================================
Fri Dec  5 14:00:01 +08 2025: [bitcoin] Attempt 1/5
Fri Dec  5 14:00:02 +08 2025: SUCCESS → bitcoin | Current: $91930.98 | High: $93620.95 | Low: $90976.10
=========================================================================
Fri Dec  5 14:00:02 +08 2025: [ethereum] Attempt 1/5
Fri Dec  5 14:00:02 +08 2025: SUCCESS → ethereum | Current: $3154.55 | High: $3223.17 | Low: $3071.31
=========================================================================
Fri Dec  5 15:00:01 +08 2025: [bitcoin] Attempt 1/5
Fri Dec  5 15:00:02 +08 2025: SUCCESS → bitcoin | Current: $92246.24 | High: $93620.95 | Low: $90976.10
=========================================================================
Fri Dec  5 15:00:02 +08 2025: [ethereum] Attempt 1/5
Fri Dec  5 15:00:02 +08 2025: SUCCESS → ethereum | Current: $3167.77 | High: $3223.17 | Low: $3071.31
=========================================================================
Fri Dec  5 16:00:01 +08 2025: [bitcoin] Attempt 1/5
Fri Dec  5 16:00:02 +08 2025: SUCCESS → bitcoin | Current: $92256.77 | High: $93620.95 | Low: $90976.10
=========================================================================
Fri Dec  5 16:00:02 +08 2025: [ethereum] Attempt 1/5
Fri Dec  5 16:00:02 +08 2025: SUCCESS → ethereum | Current: $3174.37 | High: $3223.17 | Low: $3071.31
=========================================================================
Fri Dec  5 17:00:01 +08 2025: [bitcoin] Attempt 1/5
Fri Dec  5 17:00:02 +08 2025: SUCCESS → bitcoin | Current: $92085.37 | High: $93620.95 | Low: $90976.10
=========================================================================
Fri Dec  5 17:00:02 +08 2025: [ethereum] Attempt 1/5
Fri Dec  5 17:00:02 +08 2025: SUCCESS → ethereum | Current: $3156.74 | High: $3223.17 | Low: $3071.31
=========================================================================
Fri Dec  5 18:00:01 +08 2025: [bitcoin] Attempt 1/5
Fri Dec  5 18:00:02 +08 2025: SUCCESS → bitcoin | Current: $91068.24 | High: $93567.09 | Low: $90976.10
=========================================================================
Fri Dec  5 18:00:02 +08 2025: [ethereum] Attempt 1/5
Fri Dec  5 18:00:03 +08 2025: SUCCESS → ethereum | Current: $3117.21 | High: $3223.17 | Low: $3071.31
=========================================================================
Fri Dec  5 19:00:01 +08 2025: [bitcoin] Attempt 1/5
Fri Dec  5 19:00:04 +08 2025: SUCCESS → bitcoin | Current: $91419.04 | High: $93300.09 | Low: $90976.10
=========================================================================
Fri Dec  5 19:00:04 +08 2025: [ethereum] Attempt 1/5
Fri Dec  5 19:00:05 +08 2025: SUCCESS → ethereum | Current: $3141.49 | High: $3223.17 | Low: $3071.31
=========================================================================
Fri Dec  5 20:00:01 +08 2025: [bitcoin] Attempt 1/5
Fri Dec  5 20:00:02 +08 2025: SUCCESS → bitcoin | Current: $91392.83 | High: $93223.37 | Low: $90976.10
=========================================================================
Fri Dec  5 20:00:02 +08 2025: [ethereum] Attempt 1/5
Fri Dec  5 20:00:02 +08 2025: SUCCESS → ethereum | Current: $3135.10 | High: $3223.17 | Low: $3071.31
=========================================================================
Fri Dec  5 21:00:01 +08 2025: [bitcoin] Attempt 1/5
Fri Dec  5 21:00:02 +08 2025: SUCCESS → bitcoin | Current: $91239.79 | High: $93223.37 | Low: $90976.10
=========================================================================
Fri Dec  5 21:00:02 +08 2025: [ethereum] Attempt 1/5
Fri Dec  5 21:00:02 +08 2025: SUCCESS → ethereum | Current: $3130.15 | High: $3223.17 | Low: $3071.31
=========================================================================
Fri Dec  5 22:00:01 +08 2025: [bitcoin] Attempt 1/5
Fri Dec  5 22:00:02 +08 2025: SUCCESS → bitcoin | Current: $90693.13 | High: $93223.37 | Low: $90332.37
=========================================================================
Fri Dec  5 22:00:02 +08 2025: [ethereum] Attempt 1/5
Fri Dec  5 22:00:02 +08 2025: SUCCESS → ethereum | Current: $3107.40 | High: $3223.17 | Low: $3071.31
=========================================================================
Fri Dec  5 23:00:02 +08 2025: [bitcoin] Attempt 1/5
Fri Dec  5 23:00:02 +08 2025: SUCCESS → bitcoin | Current: $90303.23 | High: $93223.37 | Low: $90004.33
=========================================================================
Fri Dec  5 23:00:02 +08 2025: [ethereum] Attempt 1/5
Fri Dec  5 23:00:03 +08 2025: SUCCESS → ethereum | Current: $3103.63 | High: $3223.17 | Low: $3071.31
=========================================================================
Sat Dec  6 00:00:01 +08 2025: [bitcoin] Attempt 1/5
Sat Dec  6 00:00:02 +08 2025: SUCCESS → bitcoin | Current: $90588.07 | High: $93175.36 | Low: $90004.33
=========================================================================
Sat Dec  6 00:00:02 +08 2025: [ethereum] Attempt 1/5
Sat Dec  6 00:00:03 +08 2025: SUCCESS → ethereum | Current: $3109.78 | High: $3223.17 | Low: $3071.31
=========================================================================
Sat Dec  6 01:00:01 +08 2025: [bitcoin] Attempt 1/5
Sat Dec  6 01:00:02 +08 2025: SUCCESS → bitcoin | Current: $88744.90 | High: $92707.20 | Low: $88152.14
=========================================================================
Sat Dec  6 01:00:02 +08 2025: [ethereum] Attempt 1/5
Sat Dec  6 01:00:02 +08 2025: SUCCESS → ethereum | Current: $3023.22 | High: $3192.46 | Low: $3004.74
=========================================================================
Sat Dec  6 02:00:01 +08 2025: [bitcoin] Attempt 1/5
Sat Dec  6 02:00:02 +08 2025: SUCCESS → bitcoin | Current: $89383.67 | High: $92707.20 | Low: $88152.14
=========================================================================
Sat Dec  6 02:00:02 +08 2025: [ethereum] Attempt 1/5
Sat Dec  6 02:00:02 +08 2025: SUCCESS → ethereum | Current: $3032.50 | High: $3192.46 | Low: $3004.74
=========================================================================
Sat Dec  6 03:00:01 +08 2025: [bitcoin] Attempt 1/5
Sat Dec  6 03:00:02 +08 2025: SUCCESS → bitcoin | Current: $89087.88 | High: $92707.20 | Low: $88152.14
=========================================================================
Sat Dec  6 03:00:02 +08 2025: [ethereum] Attempt 1/5
Sat Dec  6 03:00:02 +08 2025: SUCCESS → ethereum | Current: $3011.45 | High: $3192.46 | Low: $3004.74
=========================================================================
Sat Dec  6 04:00:01 +08 2025: [bitcoin] Attempt 1/5
Sat Dec  6 04:00:01 +08 2025: SUCCESS → bitcoin | Current: $89587.12 | High: $92707.20 | Low: $88152.14
=========================================================================
Sat Dec  6 04:00:01 +08 2025: [ethereum] Attempt 1/5
Sat Dec  6 04:00:02 +08 2025: SUCCESS → ethereum | Current: $3036.31 | High: $3192.46 | Low: $2989.83
=========================================================================
Sat Dec  6 05:00:01 +08 2025: [bitcoin] Attempt 1/5
Sat Dec  6 05:00:02 +08 2025: SUCCESS → bitcoin | Current: $89336.26 | High: $92707.20 | Low: $88152.14
=========================================================================
Sat Dec  6 05:00:02 +08 2025: [ethereum] Attempt 1/5
Sat Dec  6 05:00:02 +08 2025: SUCCESS → ethereum | Current: $3023.47 | High: $3192.46 | Low: $2989.83
=========================================================================
Sat Dec  6 06:00:02 +08 2025: [bitcoin] Attempt 1/5
Sat Dec  6 06:00:02 +08 2025: SUCCESS → bitcoin | Current: $89206.96 | High: $92702.64 | Low: $88152.14
=========================================================================
Sat Dec  6 06:00:02 +08 2025: [ethereum] Attempt 1/5
Sat Dec  6 06:00:03 +08 2025: SUCCESS → ethereum | Current: $3020.68 | High: $3192.46 | Low: $2989.83
=========================================================================
Sat Dec  6 07:00:01 +08 2025: [bitcoin] Attempt 1/5
Sat Dec  6 07:00:02 +08 2025: SUCCESS → bitcoin | Current: $89319.44 | High: $92702.64 | Low: $88152.14
=========================================================================
Sat Dec  6 07:00:02 +08 2025: [ethereum] Attempt 1/5
Sat Dec  6 07:00:02 +08 2025: SUCCESS → ethereum | Current: $3030.29 | High: $3192.46 | Low: $2989.83
=========================================================================
Sat Dec  6 08:00:02 +08 2025: [bitcoin] Attempt 1/5
Sat Dec  6 08:00:02 +08 2025: SUCCESS → bitcoin | Current: $89384.48 | High: $92702.64 | Low: $88152.14
=========================================================================
Sat Dec  6 08:00:02 +08 2025: [ethereum] Attempt 1/5
Sat Dec  6 08:00:03 +08 2025: SUCCESS → ethereum | Current: $3023.79 | High: $3192.46 | Low: $2989.83
=========================================================================
Sat Dec  6 09:00:01 +08 2025: [bitcoin] Attempt 1/5
Sat Dec  6 09:00:02 +08 2025: SUCCESS → bitcoin | Current: $89427.16 | High: $92702.64 | Low: $88152.14
=========================================================================
Sat Dec  6 09:00:02 +08 2025: [ethereum] Attempt 1/5
Sat Dec  6 09:00:02 +08 2025: SUCCESS → ethereum | Current: $3026.01 | High: $3192.46 | Low: $2989.83
=========================================================================
Sat Dec  6 10:00:02 +08 2025: [bitcoin] Attempt 1/5
Sat Dec  6 10:00:02 +08 2025: SUCCESS → bitcoin | Current: $89342.25 | High: $92702.64 | Low: $88152.14
=========================================================================
Sat Dec  6 10:00:03 +08 2025: [ethereum] Attempt 1/5
Sat Dec  6 10:00:03 +08 2025: SUCCESS → ethereum | Current: $3027.07 | High: $3192.46 | Low: $2989.83
=========================================================================
Sat Dec  6 11:00:02 +08 2025: [bitcoin] Attempt 1/5
Sat Dec  6 11:00:02 +08 2025: SUCCESS → bitcoin | Current: $89338.73 | High: $92668.18 | Low: $88152.14
=========================================================================
Sat Dec  6 11:00:02 +08 2025: [ethereum] Attempt 1/5
Sat Dec  6 11:00:03 +08 2025: SUCCESS → ethereum | Current: $3029.52 | High: $3192.46 | Low: $2989.83
=========================================================================
Sat Dec  6 12:00:01 +08 2025: [bitcoin] Attempt 1/5
Sat Dec  6 12:00:02 +08 2025: SUCCESS → bitcoin | Current: $89735.70 | High: $92498.17 | Low: $88152.14
=========================================================================
Sat Dec  6 12:00:02 +08 2025: [ethereum] Attempt 1/5
Sat Dec  6 12:00:02 +08 2025: SUCCESS → ethereum | Current: $3038.94 | High: $3182.35 | Low: $2989.83
=========================================================================
Sat Dec  6 13:00:02 +08 2025: [bitcoin] Attempt 1/5
Sat Dec  6 13:00:02 +08 2025: SUCCESS → bitcoin | Current: $89673.91 | High: $92498.17 | Low: $88152.14
=========================================================================
Sat Dec  6 13:00:02 +08 2025: [ethereum] Attempt 1/5
Sat Dec  6 13:00:03 +08 2025: SUCCESS → ethereum | Current: $3036.29 | High: $3182.35 | Low: $2989.83
=========================================================================
Sat Dec  6 14:00:01 +08 2025: [bitcoin] Attempt 1/5
Sat Dec  6 14:00:02 +08 2025: SUCCESS → bitcoin | Current: $89634.77 | High: $92498.17 | Low: $88152.14
=========================================================================
Sat Dec  6 14:00:02 +08 2025: [ethereum] Attempt 1/5
Sat Dec  6 14:00:03 +08 2025: SUCCESS → ethereum | Current: $3040.40 | High: $3182.35 | Low: $2989.83
=========================================================================
Sat Dec  6 15:00:01 +08 2025: [bitcoin] Attempt 1/5
Sat Dec  6 15:00:03 +08 2025: SUCCESS → bitcoin | Current: $89695.67 | High: $92498.17 | Low: $88152.14
=========================================================================
Sat Dec  6 15:00:03 +08 2025: [ethereum] Attempt 1/5
Sat Dec  6 15:00:05 +08 2025: SUCCESS → ethereum | Current: $3040.39 | High: $3182.35 | Low: $2989.83
=========================================================================
Sat Dec  6 16:00:01 +08 2025: [bitcoin] Attempt 1/5
Sat Dec  6 16:00:01 +08 2025: SUCCESS → bitcoin | Current: $89646.02 | High: $92264.86 | Low: $88152.14
=========================================================================
Sat Dec  6 16:00:01 +08 2025: [ethereum] Attempt 1/5
Sat Dec  6 16:00:02 +08 2025: SUCCESS → ethereum | Current: $3029.08 | High: $3174.08 | Low: $2989.83
=========================================================================
Sat Dec  6 17:00:01 +08 2025: [bitcoin] Attempt 1/5
Sat Dec  6 17:00:02 +08 2025: SUCCESS → bitcoin | Current: $89336.37 | High: $92141.86 | Low: $88152.14
=========================================================================
Sat Dec  6 17:00:02 +08 2025: [ethereum] Attempt 1/5
Sat Dec  6 17:00:02 +08 2025: SUCCESS → ethereum | Current: $3017.10 | High: $3157.21 | Low: $2989.83
=========================================================================
Sat Dec  6 18:00:01 +08 2025: [bitcoin] Attempt 1/5
Sat Dec  6 18:00:02 +08 2025: SUCCESS → bitcoin | Current: $89654.95 | High: $91553.78 | Low: $88152.14
=========================================================================
Sat Dec  6 18:00:02 +08 2025: [ethereum] Attempt 1/5
Sat Dec  6 18:00:02 +08 2025: SUCCESS → ethereum | Current: $3031.18 | High: $3154.09 | Low: $2989.83
=========================================================================
Sat Dec  6 19:00:01 +08 2025: [bitcoin] Attempt 1/5
Sat Dec  6 19:00:02 +08 2025: SUCCESS → bitcoin | Current: $89541.42 | High: $91553.78 | Low: $88152.14
=========================================================================
Sat Dec  6 19:00:02 +08 2025: [ethereum] Attempt 1/5
Sat Dec  6 19:00:02 +08 2025: SUCCESS → ethereum | Current: $3032.25 | High: $3154.09 | Low: $2989.83
=========================================================================
Sat Dec  6 20:00:01 +08 2025: [bitcoin] Attempt 1/5
Sat Dec  6 20:00:02 +08 2025: SUCCESS → bitcoin | Current: $89675.31 | High: $91422.67 | Low: $88152.14
=========================================================================
Sat Dec  6 20:00:02 +08 2025: [ethereum] Attempt 1/5
Sat Dec  6 20:00:02 +08 2025: SUCCESS → ethereum | Current: $3040.31 | High: $3154.09 | Low: $2989.83
=========================================================================
Sat Dec  6 21:00:01 +08 2025: [bitcoin] Attempt 1/5
Sat Dec  6 21:00:02 +08 2025: SUCCESS → bitcoin | Current: $89610.25 | High: $91402.49 | Low: $88152.14
=========================================================================
Sat Dec  6 21:00:02 +08 2025: [ethereum] Attempt 1/5
Sat Dec  6 21:00:02 +08 2025: SUCCESS → ethereum | Current: $3032.63 | High: $3154.09 | Low: $2989.83
=========================================================================
Sat Dec  6 22:00:01 +08 2025: [bitcoin] Attempt 1/5
Sat Dec  6 22:00:02 +08 2025: SUCCESS → bitcoin | Current: $89703.52 | High: $91402.49 | Low: $88152.14
=========================================================================
Sat Dec  6 22:00:02 +08 2025: [ethereum] Attempt 1/5
Sat Dec  6 22:00:02 +08 2025: SUCCESS → ethereum | Current: $3038.28 | High: $3154.09 | Low: $2989.83
=========================================================================
Sat Dec  6 23:00:01 +08 2025: [bitcoin] Attempt 1/5
Sat Dec  6 23:00:02 +08 2025: SUCCESS → bitcoin | Current: $90097.55 | High: $91402.49 | Low: $88152.14
=========================================================================
Sat Dec  6 23:00:02 +08 2025: [ethereum] Attempt 1/5
Sat Dec  6 23:00:02 +08 2025: SUCCESS → ethereum | Current: $3055.56 | High: $3154.09 | Low: $2989.83
=========================================================================
Sun Dec  7 00:00:01 +08 2025: [bitcoin] Attempt 1/5
Sun Dec  7 00:00:02 +08 2025: SUCCESS → bitcoin | Current: $89873.95 | High: $90489.16 | Low: $88152.14
=========================================================================
Sun Dec  7 00:00:02 +08 2025: [ethereum] Attempt 1/5
Sun Dec  7 00:00:02 +08 2025: SUCCESS → ethereum | Current: $3045.75 | High: $3107.17 | Low: $2989.83
=========================================================================
Sun Dec  7 01:00:01 +08 2025: [bitcoin] Attempt 1/5
Sun Dec  7 01:00:02 +08 2025: SUCCESS → bitcoin | Current: $89721.31 | High: $90267.46 | Low: $88675.54
=========================================================================
Sun Dec  7 01:00:02 +08 2025: [ethereum] Attempt 1/5
Sun Dec  7 01:00:02 +08 2025: SUCCESS → ethereum | Current: $3052.68 | High: $3067.66 | Low: $2989.83
=========================================================================
Sun Dec  7 02:00:01 +08 2025: [bitcoin] Attempt 1/5
Sun Dec  7 02:00:02 +08 2025: SUCCESS → bitcoin | Current: $89687.95 | High: $90267.46 | Low: $88892.01
=========================================================================
Sun Dec  7 02:00:02 +08 2025: [ethereum] Attempt 1/5
Sun Dec  7 02:00:02 +08 2025: SUCCESS → ethereum | Current: $3052.24 | High: $3067.66 | Low: $2989.83
=========================================================================
Sun Dec  7 03:00:01 +08 2025: [bitcoin] Attempt 1/5
Sun Dec  7 03:00:02 +08 2025: SUCCESS → bitcoin | Current: $89609.92 | High: $90267.46 | Low: $88892.01
=========================================================================
Sun Dec  7 03:00:02 +08 2025: [ethereum] Attempt 1/5
Sun Dec  7 03:00:02 +08 2025: SUCCESS → ethereum | Current: $3041.33 | High: $3067.66 | Low: $2989.83
=========================================================================
Sun Dec  7 04:00:02 +08 2025: [bitcoin] Attempt 1/5
Sun Dec  7 04:00:02 +08 2025: SUCCESS → bitcoin | Current: $89450.85 | High: $90267.46 | Low: $88942.10
=========================================================================
Sun Dec  7 04:00:02 +08 2025: [ethereum] Attempt 1/5
Sun Dec  7 04:00:03 +08 2025: SUCCESS → ethereum | Current: $3030.58 | High: $3067.66 | Low: $3009.09
=========================================================================
Sun Dec  7 05:00:01 +08 2025: [bitcoin] Attempt 1/5
Sun Dec  7 05:00:02 +08 2025: SUCCESS → bitcoin | Current: $89558.07 | High: $90267.46 | Low: $88942.10
=========================================================================
Sun Dec  7 05:00:02 +08 2025: [ethereum] Attempt 1/5
Sun Dec  7 05:00:03 +08 2025: SUCCESS → ethereum | Current: $3040.94 | High: $3067.66 | Low: $3009.09
=========================================================================
Sun Dec  7 06:00:01 +08 2025: [bitcoin] Attempt 1/5
Sun Dec  7 06:00:02 +08 2025: SUCCESS → bitcoin | Current: $89470.20 | High: $90267.46 | Low: $88942.10
=========================================================================
Sun Dec  7 06:00:02 +08 2025: [ethereum] Attempt 1/5
Sun Dec  7 06:00:02 +08 2025: SUCCESS → ethereum | Current: $3043.28 | High: $3067.66 | Low: $3009.09
=========================================================================
Sun Dec  7 07:00:01 +08 2025: [bitcoin] Attempt 1/5
Sun Dec  7 07:00:01 +08 2025: SUCCESS → bitcoin | Current: $89319.13 | High: $90267.46 | Low: $88971.82
=========================================================================
Sun Dec  7 07:00:02 +08 2025: [ethereum] Attempt 1/5
Sun Dec  7 07:00:02 +08 2025: SUCCESS → ethereum | Current: $3043.27 | High: $3067.66 | Low: $3009.09
=========================================================================
Sun Dec  7 08:00:01 +08 2025: [bitcoin] Attempt 1/5
Sun Dec  7 08:00:02 +08 2025: SUCCESS → bitcoin | Current: $89273.48 | High: $90267.46 | Low: $88951.67
=========================================================================
Sun Dec  7 08:00:02 +08 2025: [ethereum] Attempt 1/5
Sun Dec  7 08:00:03 +08 2025: SUCCESS → ethereum | Current: $3040.13 | High: $3067.66 | Low: $3013.98
=========================================================================
Sun Dec  7 09:00:01 +08 2025: [bitcoin] Attempt 1/5
Sun Dec  7 09:00:02 +08 2025: SUCCESS → bitcoin | Current: $89498.67 | High: $90267.46 | Low: $88951.67
=========================================================================
Sun Dec  7 09:00:02 +08 2025: [ethereum] Attempt 1/5
Sun Dec  7 09:00:02 +08 2025: SUCCESS → ethereum | Current: $3045.94 | High: $3067.66 | Low: $3015.27
=========================================================================
Sun Dec  7 10:00:01 +08 2025: [bitcoin] Attempt 1/5
Sun Dec  7 10:00:02 +08 2025: SUCCESS → bitcoin | Current: $89392.19 | High: $90267.46 | Low: $88951.67
=========================================================================
Sun Dec  7 10:00:02 +08 2025: [ethereum] Attempt 1/5
Sun Dec  7 10:00:02 +08 2025: SUCCESS → ethereum | Current: $3046.58 | High: $3067.66 | Low: $3015.27
=========================================================================
Sun Dec  7 11:00:02 +08 2025: [bitcoin] Attempt 1/5
Sun Dec  7 11:00:02 +08 2025: SUCCESS → bitcoin | Current: $89616.52 | High: $90267.46 | Low: $88951.67
=========================================================================
Sun Dec  7 11:00:02 +08 2025: [ethereum] Attempt 1/5
Sun Dec  7 11:00:03 +08 2025: SUCCESS → ethereum | Current: $3050.86 | High: $3067.66 | Low: $3015.27
=========================================================================
Sun Dec  7 12:00:01 +08 2025: [bitcoin] Attempt 1/5
Sun Dec  7 12:00:01 +08 2025: SUCCESS → bitcoin | Current: $89730.96 | High: $90267.46 | Low: $88951.67
=========================================================================
Sun Dec  7 12:00:01 +08 2025: [ethereum] Attempt 1/5
Sun Dec  7 12:00:02 +08 2025: SUCCESS → ethereum | Current: $3054.56 | High: $3067.66 | Low: $3015.27
=========================================================================
Sun Dec  7 13:00:01 +08 2025: [bitcoin] Attempt 1/5
Sun Dec  7 13:00:02 +08 2025: SUCCESS → bitcoin | Current: $89560.95 | High: $90267.46 | Low: $88951.67
=========================================================================
Sun Dec  7 13:00:02 +08 2025: [ethereum] Attempt 1/5
Sun Dec  7 13:00:03 +08 2025: SUCCESS → ethereum | Current: $3047.59 | High: $3067.66 | Low: $3015.27
=========================================================================
Sun Dec  7 14:00:01 +08 2025: [bitcoin] Attempt 1/5
Sun Dec  7 14:00:02 +08 2025: SUCCESS → bitcoin | Current: $89536.89 | High: $90267.46 | Low: $88951.67
=========================================================================
Sun Dec  7 14:00:02 +08 2025: [ethereum] Attempt 1/5
Sun Dec  7 14:00:02 +08 2025: SUCCESS → ethereum | Current: $3047.23 | High: $3067.66 | Low: $3015.27
=========================================================================
Sun Dec  7 15:00:01 +08 2025: [bitcoin] Attempt 1/5
Sun Dec  7 15:00:02 +08 2025: SUCCESS → bitcoin | Current: $89667.89 | High: $90267.46 | Low: $88951.67
=========================================================================
Sun Dec  7 15:00:02 +08 2025: [ethereum] Attempt 1/5
Sun Dec  7 15:00:02 +08 2025: SUCCESS → ethereum | Current: $3047.65 | High: $3067.66 | Low: $3015.27
=========================================================================
Sun Dec  7 16:00:02 +08 2025: [bitcoin] Attempt 1/5
Sun Dec  7 16:00:02 +08 2025: SUCCESS → bitcoin | Current: $89378.99 | High: $90267.46 | Low: $88951.67
=========================================================================
Sun Dec  7 16:00:02 +08 2025: [ethereum] Attempt 1/5
Sun Dec  7 16:00:03 +08 2025: SUCCESS → ethereum | Current: $3037.38 | High: $3067.66 | Low: $3015.27
=========================================================================
Sun Dec  7 17:00:01 +08 2025: [bitcoin] Attempt 1/5
Sun Dec  7 17:00:02 +08 2025: SUCCESS → bitcoin | Current: $89344.66 | High: $90267.46 | Low: $88951.67
=========================================================================
Sun Dec  7 17:00:02 +08 2025: [ethereum] Attempt 1/5
Sun Dec  7 17:00:02 +08 2025: SUCCESS → ethereum | Current: $3037.33 | High: $3067.66 | Low: $3015.27
=========================================================================
Sun Dec  7 18:00:01 +08 2025: [bitcoin] Attempt 1/5
Sun Dec  7 18:00:02 +08 2025: SUCCESS → bitcoin | Current: $89098.27 | High: $90267.46 | Low: $88951.67
=========================================================================
Sun Dec  7 18:00:02 +08 2025: [ethereum] Attempt 1/5
Sun Dec  7 18:00:02 +08 2025: SUCCESS → ethereum | Current: $3029.43 | High: $3067.66 | Low: $3026.47
=========================================================================
Sun Dec  7 19:00:02 +08 2025: [bitcoin] Attempt 1/5
Sun Dec  7 19:00:02 +08 2025: SUCCESS → bitcoin | Current: $89341.95 | High: $90267.46 | Low: $88951.67
=========================================================================
Sun Dec  7 19:00:02 +08 2025: [ethereum] Attempt 1/5
Sun Dec  7 19:00:03 +08 2025: SUCCESS → ethereum | Current: $3040.56 | High: $3067.66 | Low: $3026.47
=========================================================================
Sun Dec  7 20:00:01 +08 2025: [bitcoin] Attempt 1/5
Sun Dec  7 20:00:01 +08 2025: SUCCESS → bitcoin | Current: $89195.69 | High: $90267.46 | Low: $88951.67
=========================================================================
Sun Dec  7 20:00:02 +08 2025: [ethereum] Attempt 1/5
Sun Dec  7 20:00:02 +08 2025: SUCCESS → ethereum | Current: $3037.38 | High: $3067.66 | Low: $3026.47
=========================================================================
Sun Dec  7 21:00:01 +08 2025: [bitcoin] Attempt 1/5
Sun Dec  7 21:00:02 +08 2025: SUCCESS → bitcoin | Current: $89488.99 | High: $90267.46 | Low: $88951.67
=========================================================================
Sun Dec  7 21:00:02 +08 2025: [ethereum] Attempt 1/5
Sun Dec  7 21:00:02 +08 2025: SUCCESS → ethereum | Current: $3049.10 | High: $3067.66 | Low: $3026.47
=========================================================================
Sun Dec  7 22:00:02 +08 2025: [bitcoin] Attempt 1/5
Sun Dec  7 22:00:05 +08 2025: SUCCESS → bitcoin | Current: $89088.90 | High: $90267.46 | Low: $88848.04
=========================================================================
Sun Dec  7 22:00:05 +08 2025: [ethereum] Attempt 1/5
Sun Dec  7 22:00:07 +08 2025: SUCCESS → ethereum | Current: $3033.78 | High: $3067.66 | Low: $3026.47
=========================================================================
Sun Dec  7 23:00:02 +08 2025: [bitcoin] Attempt 1/5
Sun Dec  7 23:00:02 +08 2025: SUCCESS → bitcoin | Current: $88155.06 | High: $90058.47 | Low: $87799.56
=========================================================================
Sun Dec  7 23:00:02 +08 2025: [ethereum] Attempt 1/5
Sun Dec  7 23:00:03 +08 2025: SUCCESS → ethereum | Current: $2944.98 | High: $3065.33 | Low: $2930.65
=========================================================================
Mon Dec  8 00:00:01 +08 2025: [bitcoin] Attempt 1/5
Mon Dec  8 00:00:01 +08 2025: SUCCESS → bitcoin | Current: $89216.36 | High: $89999.84 | Low: $87799.56
=========================================================================
Mon Dec  8 00:00:01 +08 2025: [ethereum] Attempt 1/5
Mon Dec  8 00:00:02 +08 2025: SUCCESS → ethereum | Current: $3014.86 | High: $3065.33 | Low: $2930.65
=========================================================================
Mon Dec  8 01:00:01 +08 2025: [bitcoin] Attempt 1/5
Mon Dec  8 01:00:01 +08 2025: SUCCESS → bitcoin | Current: $89481.22 | High: $89823.14 | Low: $87799.56
=========================================================================
Mon Dec  8 01:00:01 +08 2025: [ethereum] Attempt 1/5
Mon Dec  8 01:00:02 +08 2025: SUCCESS → ethereum | Current: $3019.75 | High: $3059.05 | Low: $2930.65
=========================================================================
Mon Dec  8 02:00:01 +08 2025: [bitcoin] Attempt 1/5
Mon Dec  8 02:00:01 +08 2025: SUCCESS → bitcoin | Current: $90895.28 | High: $91226.72 | Low: $87799.56
=========================================================================
Mon Dec  8 02:00:01 +08 2025: [ethereum] Attempt 1/5
Mon Dec  8 02:00:02 +08 2025: SUCCESS → ethereum | Current: $3114.35 | High: $3132.62 | Low: $2930.65
=========================================================================
Mon Dec  8 03:00:01 +08 2025: [bitcoin] Attempt 1/5
Mon Dec  8 03:00:02 +08 2025: SUCCESS → bitcoin | Current: $91399.40 | High: $91740.85 | Low: $87799.56
=========================================================================
Mon Dec  8 03:00:02 +08 2025: [ethereum] Attempt 1/5
Mon Dec  8 03:00:02 +08 2025: SUCCESS → ethereum | Current: $3134.42 | High: $3148.77 | Low: $2930.65
=========================================================================
Mon Dec  8 04:00:01 +08 2025: [bitcoin] Attempt 1/5
Mon Dec  8 04:00:01 +08 2025: SUCCESS → bitcoin | Current: $91352.22 | High: $91740.85 | Low: $87799.56
=========================================================================
Mon Dec  8 04:00:02 +08 2025: [ethereum] Attempt 1/5
Mon Dec  8 04:00:02 +08 2025: SUCCESS → ethereum | Current: $3136.52 | High: $3148.77 | Low: $2930.65
=========================================================================
Mon Dec  8 05:00:01 +08 2025: [bitcoin] Attempt 1/5
Mon Dec  8 05:00:02 +08 2025: SUCCESS → bitcoin | Current: $91446.77 | High: $91740.85 | Low: $87799.56
=========================================================================
Mon Dec  8 05:00:02 +08 2025: [ethereum] Attempt 1/5
Mon Dec  8 05:00:02 +08 2025: SUCCESS → ethereum | Current: $3142.08 | High: $3148.77 | Low: $2930.65
=========================================================================
Mon Dec  8 06:00:01 +08 2025: [bitcoin] Attempt 1/5
Mon Dec  8 06:00:01 +08 2025: SUCCESS → bitcoin | Current: $90096.38 | High: $91740.85 | Low: $87799.56
=========================================================================
Mon Dec  8 06:00:02 +08 2025: [ethereum] Attempt 1/5
Mon Dec  8 06:00:02 +08 2025: SUCCESS → ethereum | Current: $3079.59 | High: $3148.77 | Low: $2930.65
=========================================================================
Mon Dec  8 07:00:01 +08 2025: [bitcoin] Attempt 1/5
Mon Dec  8 07:00:01 +08 2025: SUCCESS → bitcoin | Current: $89599.80 | High: $91740.85 | Low: $87799.56
=========================================================================
Mon Dec  8 07:00:01 +08 2025: [ethereum] Attempt 1/5
Mon Dec  8 07:00:02 +08 2025: SUCCESS → ethereum | Current: $3030.91 | High: $3148.77 | Low: $2930.65
=========================================================================
Mon Dec  8 08:00:01 +08 2025: [bitcoin] Attempt 1/5
Mon Dec  8 08:00:02 +08 2025: SUCCESS → bitcoin | Current: $90338.87 | High: $91740.85 | Low: $87799.56
=========================================================================
Mon Dec  8 08:00:02 +08 2025: [ethereum] Attempt 1/5
Mon Dec  8 08:00:02 +08 2025: SUCCESS → ethereum | Current: $3058.70 | High: $3148.77 | Low: $2930.65
=========================================================================
Mon Dec  8 09:00:02 +08 2025: [bitcoin] Attempt 1/5
Mon Dec  8 09:00:02 +08 2025: SUCCESS → bitcoin | Current: $90409.04 | High: $91740.85 | Low: $87799.56
=========================================================================
Mon Dec  8 09:00:02 +08 2025: [ethereum] Attempt 1/5
Mon Dec  8 09:00:03 +08 2025: SUCCESS → ethereum | Current: $3064.91 | High: $3148.77 | Low: $2930.65
=========================================================================
Mon Dec  8 10:00:01 +08 2025: [bitcoin] Attempt 1/5
Mon Dec  8 10:00:02 +08 2025: SUCCESS → bitcoin | Current: $91115.89 | High: $91740.85 | Low: $87799.56
=========================================================================
Mon Dec  8 10:00:02 +08 2025: [ethereum] Attempt 1/5
Mon Dec  8 10:00:02 +08 2025: SUCCESS → ethereum | Current: $3111.24 | High: $3148.77 | Low: $2930.65
=========================================================================
Mon Dec  8 11:00:01 +08 2025: [bitcoin] Attempt 1/5
Mon Dec  8 11:00:01 +08 2025: SUCCESS → bitcoin | Current: $91440.14 | High: $91740.85 | Low: $87799.56
=========================================================================
Mon Dec  8 11:00:01 +08 2025: [ethereum] Attempt 1/5
Mon Dec  8 11:00:02 +08 2025: SUCCESS → ethereum | Current: $3112.93 | High: $3148.77 | Low: $2930.65
=========================================================================
Mon Dec  8 12:00:01 +08 2025: [bitcoin] Attempt 1/5
Mon Dec  8 12:00:01 +08 2025: SUCCESS → bitcoin | Current: $91083.03 | High: $91740.85 | Low: $87799.56
=========================================================================
Mon Dec  8 12:00:02 +08 2025: [ethereum] Attempt 1/5
Mon Dec  8 12:00:02 +08 2025: SUCCESS → ethereum | Current: $3110.27 | High: $3148.77 | Low: $2930.65
=========================================================================
Mon Dec  8 13:00:01 +08 2025: [bitcoin] Attempt 1/5
Mon Dec  8 13:00:02 +08 2025: SUCCESS → bitcoin | Current: $91237.95 | High: $91740.85 | Low: $87799.56
=========================================================================
Mon Dec  8 13:00:02 +08 2025: [ethereum] Attempt 1/5
Mon Dec  8 13:00:02 +08 2025: SUCCESS → ethereum | Current: $3124.24 | High: $3148.77 | Low: $2930.65
=========================================================================
Mon Dec  8 14:00:01 +08 2025: [bitcoin] Attempt 1/5
Mon Dec  8 14:00:02 +08 2025: SUCCESS → bitcoin | Current: $91331.36 | High: $91740.85 | Low: $87799.56
=========================================================================
Mon Dec  8 14:00:02 +08 2025: [ethereum] Attempt 1/5
Mon Dec  8 14:00:02 +08 2025: SUCCESS → ethereum | Current: $3131.61 | High: $3148.77 | Low: $2930.65
=========================================================================
Mon Dec  8 15:00:01 +08 2025: [bitcoin] Attempt 1/5
Mon Dec  8 15:00:02 +08 2025: SUCCESS → bitcoin | Current: $91611.21 | High: $91740.85 | Low: $87799.56
=========================================================================
Mon Dec  8 15:00:02 +08 2025: [ethereum] Attempt 1/5
Mon Dec  8 15:00:02 +08 2025: SUCCESS → ethereum | Current: $3135.21 | High: $3148.77 | Low: $2930.65
=========================================================================
Mon Dec  8 16:00:01 +08 2025: [bitcoin] Attempt 1/5
Mon Dec  8 16:00:01 +08 2025: SUCCESS → bitcoin | Current: $91539.63 | High: $91815.85 | Low: $87799.56
=========================================================================
Mon Dec  8 16:00:01 +08 2025: [ethereum] Attempt 1/5
Mon Dec  8 16:00:02 +08 2025: SUCCESS → ethereum | Current: $3132.68 | High: $3148.77 | Low: $2930.65
=========================================================================
Mon Dec  8 17:00:01 +08 2025: [bitcoin] Attempt 1/5
Mon Dec  8 17:00:02 +08 2025: SUCCESS → bitcoin | Current: $91883.05 | High: $91870.84 | Low: $87799.56
=========================================================================
Mon Dec  8 17:00:02 +08 2025: [ethereum] Attempt 1/5
Mon Dec  8 17:00:02 +08 2025: SUCCESS → ethereum | Current: $3144.17 | High: $3148.77 | Low: $2930.65
=========================================================================
Mon Dec  8 18:00:00 +08 2025: [bitcoin] Attempt 1/5
Mon Dec  8 18:00:01 +08 2025: SUCCESS → bitcoin | Current: $91952.17 | High: $92267.11 | Low: $87799.56
=========================================================================
Mon Dec  8 18:00:01 +08 2025: [ethereum] Attempt 1/5
Mon Dec  8 18:00:01 +08 2025: SUCCESS → ethereum | Current: $3157.37 | High: $3177.87 | Low: $2930.65
=========================================================================
Mon Dec  8 19:00:02 +08 2025: [bitcoin] Attempt 1/5
Mon Dec  8 19:00:02 +08 2025: SUCCESS → bitcoin | Current: $92157.23 | High: $92267.11 | Low: $87799.56
=========================================================================
Mon Dec  8 19:00:02 +08 2025: [ethereum] Attempt 1/5
Mon Dec  8 19:00:03 +08 2025: SUCCESS → ethereum | Current: $3160.43 | High: $3177.87 | Low: $2930.65
=========================================================================
Mon Dec  8 20:00:02 +08 2025: [bitcoin] Attempt 1/5
Mon Dec  8 20:00:02 +08 2025: SUCCESS → bitcoin | Current: $91988.93 | High: $92267.11 | Low: $87799.56
=========================================================================
Mon Dec  8 20:00:02 +08 2025: [ethereum] Attempt 1/5
Mon Dec  8 20:00:03 +08 2025: SUCCESS → ethereum | Current: $3140.87 | High: $3177.87 | Low: $2930.65
=========================================================================
Mon Dec  8 21:00:00 +08 2025: [bitcoin] Attempt 1/5
Mon Dec  8 21:00:01 +08 2025: SUCCESS → bitcoin | Current: $91783.85 | High: $92267.11 | Low: $87799.56
=========================================================================
Mon Dec  8 21:00:01 +08 2025: [ethereum] Attempt 1/5
Mon Dec  8 21:00:01 +08 2025: SUCCESS → ethereum | Current: $3131.58 | High: $3177.87 | Low: $2930.65
=========================================================================
Mon Dec  8 22:00:01 +08 2025: [bitcoin] Attempt 1/5
Mon Dec  8 22:00:02 +08 2025: SUCCESS → bitcoin | Current: $91548.67 | High: $92267.11 | Low: $87799.56
=========================================================================
Mon Dec  8 22:00:02 +08 2025: [ethereum] Attempt 1/5
Mon Dec  8 22:00:03 +08 2025: SUCCESS → ethereum | Current: $3149.00 | High: $3177.87 | Low: $2930.65
=========================================================================
Mon Dec  8 23:00:01 +08 2025: [bitcoin] Attempt 1/5
Mon Dec  8 23:00:02 +08 2025: SUCCESS → bitcoin | Current: $91271.28 | High: $92267.11 | Low: $88206.35
=========================================================================
Mon Dec  8 23:00:02 +08 2025: [ethereum] Attempt 1/5
Mon Dec  8 23:00:03 +08 2025: SUCCESS → ethereum | Current: $3156.15 | High: $3177.87 | Low: $2941.89
=========================================================================
Tue Dec  9 00:00:02 +08 2025: [bitcoin] Attempt 1/5
Tue Dec  9 00:00:02 +08 2025: SUCCESS → bitcoin | Current: $90180.36 | High: $92267.11 | Low: $89068.19
=========================================================================
Tue Dec  9 00:00:03 +08 2025: [ethereum] Attempt 1/5
Tue Dec  9 00:00:03 +08 2025: SUCCESS → ethereum | Current: $3109.06 | High: $3177.87 | Low: $3002.96
=========================================================================
Tue Dec  9 01:00:01 +08 2025: [bitcoin] Attempt 1/5
Tue Dec  9 01:00:02 +08 2025: SUCCESS → bitcoin | Current: $89892.99 | High: $92267.11 | Low: $89068.19
=========================================================================
Tue Dec  9 01:00:02 +08 2025: [ethereum] Attempt 1/5
Tue Dec  9 01:00:03 +08 2025: SUCCESS → ethereum | Current: $3105.31 | High: $3177.87 | Low: $3023.94
=========================================================================
Tue Dec  9 02:00:01 +08 2025: [bitcoin] Attempt 1/5
Tue Dec  9 02:00:01 +08 2025: SUCCESS → bitcoin | Current: $90040.94 | High: $92267.11 | Low: $89068.19
=========================================================================
Tue Dec  9 02:00:01 +08 2025: [ethereum] Attempt 1/5
Tue Dec  9 02:00:02 +08 2025: SUCCESS → ethereum | Current: $3112.66 | High: $3177.87 | Low: $3023.94
=========================================================================
Tue Dec  9 03:00:01 +08 2025: [bitcoin] Attempt 1/5
Tue Dec  9 03:00:02 +08 2025: SUCCESS → bitcoin | Current: $90049.32 | High: $92267.11 | Low: $89068.19
=========================================================================
Tue Dec  9 03:00:02 +08 2025: [ethereum] Attempt 1/5
Tue Dec  9 03:00:03 +08 2025: SUCCESS → ethereum | Current: $3101.60 | High: $3177.87 | Low: $3023.94
=========================================================================
Tue Dec  9 04:00:01 +08 2025: [bitcoin] Attempt 1/5
Tue Dec  9 04:00:01 +08 2025: SUCCESS → bitcoin | Current: $90250.44 | High: $92267.11 | Low: $89068.19
=========================================================================
Tue Dec  9 04:00:01 +08 2025: [ethereum] Attempt 1/5
Tue Dec  9 04:00:02 +08 2025: SUCCESS → ethereum | Current: $3123.91 | High: $3177.87 | Low: $3023.94
=========================================================================
Tue Dec  9 05:00:01 +08 2025: [bitcoin] Attempt 1/5
Tue Dec  9 05:00:01 +08 2025: SUCCESS → bitcoin | Current: $90840.11 | High: $92267.11 | Low: $89068.19
=========================================================================
Tue Dec  9 05:00:01 +08 2025: [ethereum] Attempt 1/5
Tue Dec  9 05:00:02 +08 2025: SUCCESS → ethereum | Current: $3137.73 | High: $3177.87 | Low: $3023.94
=========================================================================
Tue Dec  9 06:00:01 +08 2025: [bitcoin] Attempt 1/5
Tue Dec  9 06:00:01 +08 2025: SUCCESS → bitcoin | Current: $91304.51 | High: $92267.11 | Low: $89068.19
=========================================================================
Tue Dec  9 06:00:01 +08 2025: [ethereum] Attempt 1/5
Tue Dec  9 06:00:02 +08 2025: SUCCESS → ethereum | Current: $3147.43 | High: $3177.87 | Low: $3023.94
=========================================================================
Tue Dec  9 07:00:01 +08 2025: [bitcoin] Attempt 1/5
Tue Dec  9 07:00:01 +08 2025: SUCCESS → bitcoin | Current: $90825.29 | High: $92267.11 | Low: $89575.11
=========================================================================
Tue Dec  9 07:00:01 +08 2025: [ethereum] Attempt 1/5
Tue Dec  9 07:00:02 +08 2025: SUCCESS → ethereum | Current: $3128.64 | High: $3177.87 | Low: $3023.94
=========================================================================
Tue Dec  9 08:00:01 +08 2025: [bitcoin] Attempt 1/5
Tue Dec  9 08:00:02 +08 2025: SUCCESS → bitcoin | Current: $90606.36 | High: $92267.11 | Low: $89644.89
=========================================================================
Tue Dec  9 08:00:02 +08 2025: [ethereum] Attempt 1/5
Tue Dec  9 08:00:02 +08 2025: SUCCESS → ethereum | Current: $3124.89 | High: $3177.87 | Low: $3043.70
=========================================================================
Tue Dec  9 09:00:01 +08 2025: [bitcoin] Attempt 1/5
Tue Dec  9 09:00:02 +08 2025: SUCCESS → bitcoin | Current: $90420.70 | High: $92267.11 | Low: $89644.89
=========================================================================
Tue Dec  9 09:00:02 +08 2025: [ethereum] Attempt 1/5
Tue Dec  9 09:00:02 +08 2025: SUCCESS → ethereum | Current: $3119.74 | High: $3177.87 | Low: $3063.45
=========================================================================
Tue Dec  9 10:00:01 +08 2025: [bitcoin] Attempt 1/5
Tue Dec  9 10:00:02 +08 2025: SUCCESS → bitcoin | Current: $90099.65 | High: $92267.11 | Low: $89644.89
=========================================================================
Tue Dec  9 10:00:02 +08 2025: [ethereum] Attempt 1/5
Tue Dec  9 10:00:03 +08 2025: SUCCESS → ethereum | Current: $3104.72 | High: $3177.87 | Low: $3083.34
=========================================================================
Tue Dec  9 11:00:01 +08 2025: [bitcoin] Attempt 1/5
Tue Dec  9 11:00:01 +08 2025: SUCCESS → bitcoin | Current: $90157.33 | High: $92267.11 | Low: $89644.89
=========================================================================
Tue Dec  9 11:00:01 +08 2025: [ethereum] Attempt 1/5
Tue Dec  9 11:00:02 +08 2025: SUCCESS → ethereum | Current: $3103.87 | High: $3177.87 | Low: $3083.34
=========================================================================
Tue Dec  9 12:00:00 +08 2025: [bitcoin] Attempt 1/5
Tue Dec  9 12:00:00 +08 2025: SUCCESS → bitcoin | Current: $90357.02 | High: $92267.11 | Low: $89644.89
=========================================================================
Tue Dec  9 12:00:00 +08 2025: [ethereum] Attempt 1/5
Tue Dec  9 12:00:01 +08 2025: SUCCESS → ethereum | Current: $3122.97 | High: $3177.87 | Low: $3083.34
=========================================================================
Tue Dec  9 13:00:00 +08 2025: [bitcoin] Attempt 1/5
Tue Dec  9 13:00:01 +08 2025: SUCCESS → bitcoin | Current: $89907.20 | High: $92267.11 | Low: $89644.89
=========================================================================
Tue Dec  9 13:00:01 +08 2025: [ethereum] Attempt 1/5
Tue Dec  9 13:00:01 +08 2025: SUCCESS → ethereum | Current: $3107.23 | High: $3177.87 | Low: $3083.34
=========================================================================
Tue Dec  9 14:00:00 +08 2025: [bitcoin] Attempt 1/5
Tue Dec  9 14:00:00 +08 2025: SUCCESS → bitcoin | Current: $89952.54 | High: $92267.11 | Low: $89586.98
=========================================================================
Tue Dec  9 14:00:00 +08 2025: [ethereum] Attempt 1/5
Tue Dec  9 14:00:01 +08 2025: SUCCESS → ethereum | Current: $3107.78 | High: $3177.87 | Low: $3083.34
=========================================================================
Tue Dec  9 15:00:00 +08 2025: [bitcoin] Attempt 1/5
Tue Dec  9 15:00:01 +08 2025: SUCCESS → bitcoin | Current: $90140.07 | High: $92267.11 | Low: $89586.98
=========================================================================
Tue Dec  9 15:00:01 +08 2025: [ethereum] Attempt 1/5
Tue Dec  9 15:00:01 +08 2025: SUCCESS → ethereum | Current: $3108.22 | High: $3177.87 | Low: $3083.34
=========================================================================
Tue Dec  9 16:00:00 +08 2025: [bitcoin] Attempt 1/5
Tue Dec  9 16:00:00 +08 2025: SUCCESS → bitcoin | Current: $90511.69 | High: $92267.11 | Low: $89586.98
=========================================================================
Tue Dec  9 16:00:00 +08 2025: [ethereum] Attempt 1/5
Tue Dec  9 16:00:01 +08 2025: SUCCESS → ethereum | Current: $3125.21 | High: $3177.87 | Low: $3083.34
=========================================================================
Tue Dec  9 17:00:00 +08 2025: [bitcoin] Attempt 1/5
Tue Dec  9 17:00:00 +08 2025: SUCCESS → bitcoin | Current: $90557.78 | High: $92267.11 | Low: $89586.98
=========================================================================
Tue Dec  9 17:00:00 +08 2025: [ethereum] Attempt 1/5
Tue Dec  9 17:00:01 +08 2025: SUCCESS → ethereum | Current: $3124.38 | High: $3177.87 | Low: $3083.34
=========================================================================
Tue Dec  9 18:00:00 +08 2025: [bitcoin] Attempt 1/5
Tue Dec  9 18:00:00 +08 2025: SUCCESS → bitcoin | Current: $90188.25 | High: $92220.86 | Low: $89586.98
=========================================================================
Tue Dec  9 18:00:00 +08 2025: [ethereum] Attempt 1/5
Tue Dec  9 18:00:01 +08 2025: SUCCESS → ethereum | Current: $3107.70 | High: $3174.83 | Low: $3083.34
=========================================================================
Tue Dec  9 19:00:00 +08 2025: [bitcoin] Attempt 1/5
Tue Dec  9 19:00:01 +08 2025: SUCCESS → bitcoin | Current: $90197.80 | High: $92220.86 | Low: $89586.98
=========================================================================
Tue Dec  9 19:00:01 +08 2025: [ethereum] Attempt 1/5
Tue Dec  9 19:00:01 +08 2025: SUCCESS → ethereum | Current: $3105.17 | High: $3174.83 | Low: $3083.34
=========================================================================
Tue Dec  9 20:00:01 +08 2025: [bitcoin] Attempt 1/5
Tue Dec  9 20:00:01 +08 2025: SUCCESS → bitcoin | Current: $90342.95 | High: $92099.35 | Low: $89586.98
=========================================================================
Tue Dec  9 20:00:01 +08 2025: [ethereum] Attempt 1/5
Tue Dec  9 20:00:02 +08 2025: SUCCESS → ethereum | Current: $3117.13 | High: $3174.83 | Low: $3083.34
=========================================================================
Tue Dec  9 21:00:01 +08 2025: [bitcoin] Attempt 1/5
Tue Dec  9 21:00:02 +08 2025: SUCCESS → bitcoin | Current: $90645.50 | High: $92099.35 | Low: $89586.98
=========================================================================
Tue Dec  9 21:00:02 +08 2025: [ethereum] Attempt 1/5
Tue Dec  9 21:00:03 +08 2025: SUCCESS → ethereum | Current: $3139.21 | High: $3174.83 | Low: $3083.34
=========================================================================
Tue Dec  9 22:00:01 +08 2025: [bitcoin] Attempt 1/5
Tue Dec  9 22:00:03 +08 2025: SUCCESS → bitcoin | Current: $90340.35 | High: $91693.36 | Low: $89586.98
=========================================================================
Tue Dec  9 22:00:03 +08 2025: [ethereum] Attempt 1/5
Tue Dec  9 22:00:05 +08 2025: SUCCESS → ethereum | Current: $3114.93 | High: $3174.83 | Low: $3083.34
=========================================================================
Tue Dec  9 23:00:00 +08 2025: [bitcoin] Attempt 1/5
Tue Dec  9 23:00:01 +08 2025: SUCCESS → bitcoin | Current: $90250.50 | High: $91381.70 | Low: $89586.98
=========================================================================
Tue Dec  9 23:00:01 +08 2025: [ethereum] Attempt 1/5
Tue Dec  9 23:00:02 +08 2025: SUCCESS → ethereum | Current: $3116.37 | High: $3150.11 | Low: $3083.34
=========================================================================
